/bin/sh: line 1: /usr/bin/node: No such file or directory
/bin/sh: line 1: /usr/bin/node: No such file or directory
[2026-02-13 22:00:02 北京时间] 开始检查双孕线形态...
检查 1小时 周期...
检查 4小时 周期...
检查 日线 周期...
未发现新的双孕线形态
检查完成
[2026-02-13 23:00:01 北京时间] 开始检查双孕线形态...
检查 1小时 周期...
检查 4小时 周期...
检查 日线 周期...
未发现新的双孕线形态
检查完成
[2026-02-14 00:00:01 北京时间] 开始检查双孕线形态...
检查 1小时 周期...
检查 4小时 周期...
检查 日线 周期...
未发现新的双孕线形态
检查完成
[2026-02-14 01:00:01 北京时间] 开始检查双孕线形态...
检查 1小时 周期...
检查 4小时 周期...
检查 日线 周期...
未发现新的双孕线形态
检查完成
[2026-02-14 02:00:01 北京时间] 开始检查双孕线形态...
检查 1小时 周期...
检查 4小时 周期...
检查 日线 周期...
未发现新的双孕线形态
检查完成
[2026-02-14 03:00:01 北京时间] 开始检查双孕线形态...
检查 1小时 周期...
检查 4小时 周期...
检查 日线 周期...
未发现新的双孕线形态
检查完成
[2026-02-14 04:00:01 北京时间] 开始检查双孕线形态...
检查 1小时 周期...
检查 4小时 周期...
检查 日线 周期...
未发现新的双孕线形态
检查完成
[2026-02-14 05:00:01 北京时间] 开始检查双孕线形态...
检查 1小时 周期...
检查 4小时 周期...
检查 日线 周期...
未发现新的双孕线形态
检查完成
[2026-02-14 06:00:01 北京时间] 开始检查双孕线形态...
检查 1小时 周期...
检查 4小时 周期...
检查 日线 周期...
未发现新的双孕线形态
检查完成
[2026-02-14 07:00:01 北京时间] 开始检查双孕线形态...
检查 1小时 周期...
检查 4小时 周期...
检查 日线 周期...
未发现新的双孕线形态
检查完成
[2026-02-14 08:00:01 北京时间] 开始检查双孕线形态...
检查 1小时 周期...
检查 4小时 周期...

============================================================
🎀 双孕线形态提醒

⏰ 周期：4小时
📊 类型：看跌双孕线 (前期上涨)
📅 时间：2026-02-14 00:00 ~ 2026-02-14 08:00
💰 当前价格：$68,853.97

K1 (母线): 阳线
  开盘: $68,692.12
  收盘: $68,938.91
  实体: 246.79

K2 (孕线1): 阴线
  开盘: $68,938.91
  收盘: $68,853.96
  实体: 84.95

K3 (孕线2): 阴线
  开盘: $68,853.97
  收盘: $68,853.97
  实体: 0.00

⬇️ 可能见顶回落
============================================================

/bin/sh: line 1: openclaw: command not found
发送通知失败: Command failed: openclaw message send --channel telegram --target 6311362800 --message "🎀 双孕线形态提醒\n\n⏰ 周期：4小时\n📊 类型：看跌双孕线 (前期上涨)\n📅 时间：2026-02-14 00:00 ~ 2026-02-14 08:00\n💰 当前价格：$68,853.97\n\nK1 (母线): 阳线\n  开盘: $68,692.12\n  收盘: $68,938.91\n  实体: 246.79\n\nK2 (孕线1): 阴线\n  开盘: $68,938.91\n  收盘: $68,853.96\n  实体: 84.95\n\nK3 (孕线2): 阴线\n  开盘: $68,853.97\n  收盘: $68,853.97\n  实体: 0.00\n\n⬇️ 可能见顶回落"
检查 日线 周期...
检查完成
[2026-02-14 09:00:01 北京时间] 开始检查双孕线形态...
检查 1小时 周期...
检查 4小时 周期...
检查 日线 周期...
未发现新的双孕线形态
检查完成
[2026-02-14 10:00:02 北京时间] 开始检查双孕线形态...
检查 1小时 周期...
检查 4小时 周期...
检查 日线 周期...
未发现新的双孕线形态
检查完成
[2026-02-14 11:00:01 北京时间] 开始检查双孕线形态...
检查 1小时 周期...
检查 4小时 周期...
检查 日线 周期...
未发现新的双孕线形态
检查完成
[2026-02-14 12:00:01 北京时间] 开始检查双孕线形态...
检查 1小时 周期...
检查 4小时 周期...
检查 日线 周期...
未发现新的双孕线形态
检查完成
[2026-02-14 13:00:01 北京时间] 开始检查双孕线形态...
检查 1小时 周期...
检查 4小时 周期...
检查 日线 周期...
未发现新的双孕线形态
检查完成
[2026-02-14 14:00:01 北京时间] 开始检查双孕线形态...
检查 1小时 周期...
检查 4小时 周期...
检查 日线 周期...
未发现新的双孕线形态
检查完成
[2026-02-14 15:00:02 北京时间] 开始检查双孕线形态...
检查 1小时 周期...
检查 4小时 周期...
检查 日线 周期...
未发现新的双孕线形态
检查完成
[2026-02-14 16:00:01 北京时间] 开始检查双孕线形态...
检查 1小时 周期...
检查 4小时 周期...
检查 日线 周期...
未发现新的双孕线形态
检查完成
[2026-02-14 17:00:01 北京时间] 开始检查双孕线形态...
检查 1小时 周期...
检查 4小时 周期...
检查 日线 周期...
未发现新的双孕线形态
检查完成
[2026-02-14 18:00:01 北京时间] 开始检查双孕线形态...
检查 1小时 周期...

============================================================
🎀 双孕线形态提醒

⏰ 周期：1小时
📊 类型：看跌双孕线 
📅 时间：2026-02-14 16:00 ~ 2026-02-14 18:00
💰 当前价格：$69,713.19

K1 (母线): 阳线
  开盘: $69,219.27
  收盘: $69,746.2
  实体: 526.93

K2 (孕线1): 阴线
  开盘: $69,746.2
  收盘: $69,714.93
  实体: 31.27

K3 (孕线2): 阴线
  开盘: $69,714.94
  收盘: $69,713.19
  实体: 1.75

⬇️ 可能见顶回落
============================================================

/bin/sh: line 1: openclaw: command not found
发送通知失败: Command failed: openclaw message send --channel telegram --target 6311362800 --message "🎀 双孕线形态提醒\n\n⏰ 周期：1小时\n📊 类型：看跌双孕线 \n📅 时间：2026-02-14 16:00 ~ 2026-02-14 18:00\n💰 当前价格：$69,713.19\n\nK1 (母线): 阳线\n  开盘: $69,219.27\n  收盘: $69,746.2\n  实体: 526.93\n\nK2 (孕线1): 阴线\n  开盘: $69,746.2\n  收盘: $69,714.93\n  实体: 31.27\n\nK3 (孕线2): 阴线\n  开盘: $69,714.94\n  收盘: $69,713.19\n  实体: 1.75\n\n⬇️ 可能见顶回落"
检查 4小时 周期...
检查 日线 周期...
检查完成
[2026-02-14 19:00:01 北京时间] 开始检查双孕线形态...
检查 1小时 周期...
检查 4小时 周期...
检查 日线 周期...
未发现新的双孕线形态
检查完成
[2026-02-14 20:00:01 北京时间] 开始检查双孕线形态...
检查 1小时 周期...
检查 4小时 周期...
检查 日线 周期...
未发现新的双孕线形态
检查完成
[2026-02-14 21:00:01 北京时间] 开始检查双孕线形态...
检查 1小时 周期...
检查 4小时 周期...
检查 日线 周期...
未发现新的双孕线形态
检查完成
[2026-02-14 22:00:01 北京时间] 开始检查双孕线形态...
检查 1小时 周期...
检查 4小时 周期...
检查 日线 周期...
未发现新的双孕线形态
检查完成
[2026-02-14 23:00:02 北京时间] 开始检查双孕线形态...
检查 1小时 周期...
检查 4小时 周期...
检查 日线 周期...
未发现新的双孕线形态
检查完成
[2026-02-15 00:00:01 北京时间] 开始检查双孕线形态...
检查 1小时 周期...
检查 4小时 周期...
检查 日线 周期...
检查关键位置...
当前价格 - BTC: $69,778.28, ETH: $2,087.45
未发现新的双孕线形态
检查完成
[2026-02-15 01:00:02 北京时间] 开始检查双孕线形态...
检查 1小时 周期...
检查 4小时 周期...
检查 日线 周期...
检查关键位置...
当前价格 - BTC: $69,735.91, ETH: $2,081.95
未发现新的双孕线形态
检查完成
[2026-02-15 02:00:01 北京时间] 开始检查双孕线形态...
检查 1小时 周期...
检查 4小时 周期...
检查 日线 周期...
检查关键位置...
当前价格 - BTC: $69,732.57, ETH: $2,080.03
未发现新的双孕线形态
检查完成
[2026-02-15 03:00:01 北京时间] 开始检查双孕线形态...
检查 1小时 周期...
检查 4小时 周期...
检查 日线 周期...
检查关键位置...
当前价格 - BTC: $69,769.88, ETH: $2,085.37
未发现新的双孕线形态
检查完成
[2026-02-15 04:00:01 北京时间] 开始检查双孕线形态...
检查 1小时 周期...
检查 4小时 周期...

============================================================
🎀 双孕线形态提醒

⏰ 周期：4小时
📊 类型：看涨双孕线 (前期上涨)
📅 时间：2026-02-14 20:00 ~ 2026-02-15 04:00
💰 当前价格：$69,848.04

K1 (母线): 阴线
  开盘: $70,505.74
  收盘: $69,778.28
  实体: 727.46

K2 (孕线1): 阳线
  开盘: $69,778.28
  收盘: $69,873.99
  实体: 95.71

K3 (孕线2): 阴线
  开盘: $69,873.99
  收盘: $69,848.04
  实体: 25.95

⬆️ 可能见底反转
============================================================

/usr/bin/env: ‘node’: No such file or directory
发送通知失败: Command failed: /root/.nvm/versions/node/v22.22.0/bin/openclaw message send --channel telegram --target 6311362800 --message "🎀 双孕线形态提醒\n\n⏰ 周期：4小时\n📊 类型：看涨双孕线 (前期上涨)\n📅 时间：2026-02-14 20:00 ~ 2026-02-15 04:00\n💰 当前价格：$69,848.04\n\nK1 (母线): 阴线\n  开盘: $70,505.74\n  收盘: $69,778.28\n  实体: 727.46\n\nK2 (孕线1): 阳线\n  开盘: $69,778.28\n  收盘: $69,873.99\n  实体: 95.71\n\nK3 (孕线2): 阴线\n  开盘: $69,873.99\n  收盘: $69,848.04\n  实体: 25.95\n\n⬆️ 可能见底反转"
检查 日线 周期...
检查关键位置...
当前价格 - BTC: $69,848.03, ETH: $2,088.01
检查完成
[2026-02-15 05:00:02 北京时间] 开始检查双孕线形态...
检查 1小时 周期...
检查 4小时 周期...
检查 日线 周期...
检查关键位置...
当前价格 - BTC: $70,023.09, ETH: $2,089.77
未发现新的双孕线形态
检查完成
[2026-02-15 06:00:01 北京时间] 开始检查双孕线形态...
检查 1小时 周期...
检查 4小时 周期...
检查 日线 周期...
检查关键位置...
当前价格 - BTC: $69,922.20, ETH: $2,085.87
未发现新的双孕线形态
检查完成
[2026-02-15 07:00:01 北京时间] 开始检查双孕线形态...
检查 1小时 周期...
检查 4小时 周期...
检查 日线 周期...
检查关键位置...
当前价格 - BTC: $69,950.01, ETH: $2,089.56
未发现新的双孕线形态
检查完成
[2026-02-15 08:00:01 北京时间] 开始检查双孕线形态...
检查 1小时 周期...
检查 4小时 周期...
检查 日线 周期...
检查关键位置...
当前价格 - BTC: $69,798.31, ETH: $2,086.27
未发现新的双孕线形态
检查完成
[2026-02-15 09:00:02 北京时间] 开始检查双孕线形态...
检查 1小时 周期...
检查 4小时 周期...
检查 日线 周期...
检查关键位置...
当前价格 - BTC: $69,753.81, ETH: $2,079.05
未发现新的双孕线形态
检查完成
[2026-02-15 10:00:02 北京时间] 开始检查双孕线形态...
检查 1小时 周期...
检查 4小时 周期...
检查 日线 周期...
检查关键位置...
当前价格 - BTC: $69,711.66, ETH: $2,064.23
未发现新的双孕线形态
检查完成
[2026-02-15 11:00:01 北京时间] 开始检查双孕线形态...
检查 1小时 周期...
检查 4小时 周期...
检查 日线 周期...
检查关键位置...
当前价格 - BTC: $69,480.01, ETH: $2,059.64
未发现新的双孕线形态
检查完成
[2026-02-15 12:00:01 北京时间] 开始检查双孕线形态...
检查 1小时 周期...
检查 4小时 周期...
检查 日线 周期...
检查关键位置...
当前价格 - BTC: $69,954.50, ETH: $2,059.09
未发现新的双孕线形态
检查完成
[2026-02-15 13:00:02 北京时间] 开始检查双孕线形态...
检查 1小时 周期...
检查 4小时 周期...
检查 日线 周期...
检查关键位置...
当前价格 - BTC: $70,190.00, ETH: $2,076.72
未发现新的双孕线形态
检查完成
[2026-02-15 14:00:02 北京时间] 开始检查双孕线形态...
检查 1小时 周期...
检查 4小时 周期...
检查 日线 周期...
检查关键位置...
当前价格 - BTC: $70,267.61, ETH: $2,088.33
未发现新的双孕线形态
检查完成
[2026-02-15 15:00:01 北京时间] 开始检查双孕线形态...
检查 1小时 周期...
检查 4小时 周期...
检查 日线 周期...
检查关键位置...
当前价格 - BTC: $70,399.07, ETH: $2,085.85
未发现新的双孕线形态
检查完成
[2026-02-15 16:00:01 北京时间] 开始检查双孕线形态...
检查 1小时 周期...
检查 4小时 周期...
检查 日线 周期...
检查关键位置...
当前价格 - BTC: $70,833.71, ETH: $2,091.51

============================================================
⚠️ 关键位置提醒

💰 BTC 接近压力位
📍 压力位：$71,000.00
💵 当前价：$70,833.71
📊 距离：-0.23%

⚠️ 接近压力位，注意减仓或止盈
============================================================

/usr/bin/env: ‘node’: No such file or directory
发送通知失败: Command failed: /root/.nvm/versions/node/v22.22.0/bin/openclaw message send --channel telegram --target 6311362800 --message "⚠️ 关键位置提醒\n\n💰 BTC 接近压力位\n📍 压力位：$71,000.00\n💵 当前价：$70,833.71\n📊 距离：-0.23%\n\n⚠️ 接近压力位，注意减仓或止盈"
未发现新的双孕线形态
检查完成
[2026-02-15 17:00:01 北京时间] 开始检查双孕线形态...
检查 1小时 周期...
检查 4小时 周期...
检查 日线 周期...
检查关键位置...
当前价格 - BTC: $70,446.51, ETH: $2,069.17
未发现新的双孕线形态
检查完成
[2026-02-15 18:00:01 北京时间] 开始检查双孕线形态...
检查 1小时 周期...
检查 4小时 周期...
检查 日线 周期...
检查关键位置...
当前价格 - BTC: $70,419.11, ETH: $2,068.70
未发现新的双孕线形态
检查完成
[2026-02-15 19:00:01 北京时间] 开始检查双孕线形态...
检查 1小时 周期...
检查 4小时 周期...
检查 日线 周期...
检查关键位置...
当前价格 - BTC: $70,453.40, ETH: $2,061.94
未发现新的双孕线形态
检查完成
[2026-02-15 20:00:01 北京时间] 开始检查双孕线形态...
检查 1小时 周期...
检查 4小时 周期...
检查 日线 周期...
检查关键位置...
当前价格 - BTC: $70,283.40, ETH: $2,061.81
未发现新的双孕线形态
检查完成
[2026-02-15 21:00:02 北京时间] 开始检查双孕线形态...
检查 1小时 周期...
检查 4小时 周期...
检查 日线 周期...
检查关键位置...
当前价格 - BTC: $69,385.28, ETH: $2,012.99

============================================================
⚠️ 关键位置提醒

💰 ETH 接近支撑位
📍 支撑位：$2,000.00
💵 当前价：$2,012.99
📊 距离：+0.65%

⚠️ 接近支撑位，注意观察
============================================================

/usr/bin/env: ‘node’: No such file or directory
发送通知失败: Command failed: /root/.nvm/versions/node/v22.22.0/bin/openclaw message send --channel telegram --target 6311362800 --message "⚠️ 关键位置提醒\n\n💰 ETH 接近支撑位\n📍 支撑位：$2,000.00\n💵 当前价：$2,012.99\n📊 距离：+0.65%\n\n⚠️ 接近支撑位，注意观察"
未发现新的双孕线形态
检查完成
[2026-02-15 22:00:01 北京时间] 开始检查双孕线形态...
检查 1小时 周期...
检查 4小时 周期...
检查 日线 周期...
检查关键位置...
当前价格 - BTC: $68,941.46, ETH: $2,002.23
未发现新的双孕线形态
检查完成
[2026-02-15 23:00:01 北京时间] 开始检查双孕线形态...
检查 1小时 周期...
检查 4小时 周期...
检查 日线 周期...
检查关键位置...
当前价格 - BTC: $69,139.41, ETH: $2,009.45

============================================================
⚠️ 关键位置提醒

💰 ETH 接近支撑位
📍 支撑位：$2,000.00
💵 当前价：$2,009.45
📊 距离：+0.47%

⚠️ 接近支撑位，注意观察
============================================================

/usr/bin/env: ‘node’: No such file or directory
发送通知失败: Command failed: /root/.nvm/versions/node/v22.22.0/bin/openclaw message send --channel telegram --target 6311362800 --message "⚠️ 关键位置提醒\n\n💰 ETH 接近支撑位\n📍 支撑位：$2,000.00\n💵 当前价：$2,009.45\n📊 距离：+0.47%\n\n⚠️ 接近支撑位，注意观察"
未发现新的双孕线形态
检查完成
[2026-02-16 01:00:01 北京时间] 开始检查双孕线形态...
检查 1小时 周期...
检查 4小时 周期...
检查 日线 周期...
检查关键位置...
当前价格 - BTC: $69,031.94, ETH: $2,006.54

============================================================
⚠️ 关键位置提醒

💰 ETH 接近支撑位
📍 支撑位：$2,000.00
💵 当前价：$2,006.54
📊 距离：+0.33%

⚠️ 接近支撑位，注意观察
============================================================

[telegram] autoSelectFamily=false (default-node22)
✅ Sent via Telegram. Message ID: 1981
✓ 通知已发送
未发现新的双孕线形态
检查完成
[2026-02-16 02:00:02 北京时间] 开始检查双孕线形态...
检查 1小时 周期...
检查 4小时 周期...
检查 日线 周期...
检查关键位置...
当前价格 - BTC: $68,612.06, ETH: $1,970.25
未发现新的双孕线形态
检查完成
[2026-02-16 03:00:01 北京时间] 开始检查双孕线形态...
检查 1小时 周期...
检查 4小时 周期...
检查 日线 周期...
检查关键位置...
当前价格 - BTC: $68,402.00, ETH: $1,958.15
未发现新的双孕线形态
检查完成
[2026-02-16 04:00:01 北京时间] 开始检查双孕线形态...
检查 1小时 周期...
检查 4小时 周期...
检查 日线 周期...
检查关键位置...
当前价格 - BTC: $68,274.13, ETH: $1,941.02
未发现新的双孕线形态
检查完成
[2026-02-16 05:00:02 北京时间] 开始检查双孕线形态...
检查 1小时 周期...
检查 4小时 周期...
检查 日线 周期...
检查关键位置...
当前价格 - BTC: $68,455.46, ETH: $1,950.24
未发现新的双孕线形态
检查完成
[2026-02-16 06:00:02 北京时间] 开始检查双孕线形态...
检查 1小时 周期...
检查 4小时 周期...
检查 日线 周期...
检查关键位置...
当前价格 - BTC: $68,866.00, ETH: $1,957.88
未发现新的双孕线形态
检查完成
[2026-02-16 07:00:02 北京时间] 开始检查双孕线形态...
检查 1小时 周期...
检查 4小时 周期...
检查 日线 周期...
检查关键位置...
当前价格 - BTC: $68,980.00, ETH: $1,970.63
未发现新的双孕线形态
检查完成
[2026-02-16 08:00:02 北京时间] 开始检查双孕线形态...
检查 1小时 周期...
检查 4小时 周期...
检查 日线 周期...
检查关键位置...
当前价格 - BTC: $68,820.61, ETH: $1,966.40
未发现新的双孕线形态
检查完成
[2026-02-16 09:00:01 北京时间] 开始检查双孕线形态...
检查 1小时 周期...

============================================================
🎀 双孕线形态提醒

⏰ 周期：1小时
📊 类型：看涨双孕线 (前期上涨)
📅 时间：2026-02-16 07:00 ~ 2026-02-16 09:00
💰 当前价格：$68,837.08

K1 (母线): 阴线
  开盘: $68,999.96
  收盘: $68,832.58
  实体: 167.38

K2 (孕线1): 阳线
  开盘: $68,832.59
  收盘: $68,845.81
  实体: 13.22

K3 (孕线2): 阴线
  开盘: $68,845.81
  收盘: $68,837.08
  实体: 8.73

⬆️ 可能见底反转
============================================================

[telegram] autoSelectFamily=false (default-node22)
✅ Sent via Telegram. Message ID: 2047
✓ 通知已发送
检查 4小时 周期...
检查 日线 周期...
检查关键位置...
当前价格 - BTC: $68,824.74, ETH: $1,968.40
检查完成
[2026-02-16 10:00:02 北京时间] 开始检查双孕线形态...
检查 1小时 周期...
检查 4小时 周期...
检查 日线 周期...
检查关键位置...
当前价格 - BTC: $68,638.80, ETH: $1,963.27
未发现新的双孕线形态
检查完成
[2026-02-16 11:00:02 北京时间] 开始检查双孕线形态...
检查 1小时 周期...
检查 4小时 周期...
检查 日线 周期...
检查关键位置...
当前价格 - BTC: $68,342.15, ETH: $1,957.91
未发现新的双孕线形态
检查完成
[2026-02-16 12:00:02 北京时间] 开始检查双孕线形态...
检查 1小时 周期...

============================================================
🎀 双孕线形态提醒

📈 币种：BTC/USDT
⏰ 周期：1小时
📊 类型：看涨双孕线 
📅 时间：2026-02-16 10:00 ~ 2026-02-16 12:00
💰 当前价格：$68,424.82

K1 (母线): 阴线
  开盘: $68,630.81
  收盘: $68,320.48
  实体: 310.33

K2 (孕线1): 阳线
  开盘: $68,320.49
  收盘: $68,424.82
  实体: 104.33

K3 (孕线2): 阴线
  开盘: $68,424.82
  收盘: $68,424.82
  实体: 0.00

⬆️ 可能见底反转
============================================================

[telegram] autoSelectFamily=false (default-node22)
✅ Sent via Telegram. Message ID: 2057
✓ 通知已发送
检查 4小时 周期...
检查 日线 周期...
检查关键位置...
当前价格 - BTC: $68,421.57, ETH: $1,958.34
检查完成
[2026-02-16 13:00:02 北京时间] 开始检查双孕线形态...
检查 1小时 周期...
检查 4小时 周期...
检查 日线 周期...
检查关键位置...
当前价格 - BTC: $68,896.82, ETH: $1,974.17
未发现新的双孕线形态
检查完成
[2026-02-16 14:00:01 北京时间] 开始检查双孕线形态...
检查 1小时 周期...
检查 4小时 周期...
检查 日线 周期...
检查关键位置...
当前价格 - BTC: $68,380.01, ETH: $1,957.17
未发现新的双孕线形态
检查完成
[2026-02-16 15:00:02 北京时间] 开始检查双孕线形态...
检查 1小时 周期...

============================================================
🎀 双孕线形态提醒

📈 币种：BTC/USDT
⏰ 周期：1小时
📊 类型：看涨双孕线 
📅 时间：2026-02-16 13:00 ~ 2026-02-16 15:00
💰 当前价格：$68,439.86

K1 (母线): 阴线
  开盘: $68,870.07
  收盘: $68,385.29
  实体: 484.78

K2 (孕线1): 阳线
  开盘: $68,385.29
  收盘: $68,450.80
  实体: 65.51

K3 (孕线2): 阴线
  开盘: $68,450.80
  收盘: $68,439.86
  实体: 10.94

⬆️ 可能见底反转
============================================================

[telegram] autoSelectFamily=false (default-node22)
✅ Sent via Telegram. Message ID: 2080
✓ 通知已发送
检查 4小时 周期...
检查 日线 周期...
检查关键位置...
当前价格 - BTC: $68,441.88, ETH: $1,966.64
检查完成
[2026-02-16 16:00:02 北京时间] 开始检查双孕线形态...
检查 1小时 周期...
检查 4小时 周期...

============================================================
🎀 双孕线形态提醒

📈 币种：BTC/USDT
⏰ 周期：4小时
📊 类型：看涨双孕线 (前期下跌)
📅 时间：2026-02-16 08:00 ~ 2026-02-16 16:00
💰 当前价格：$68,587.90

K1 (母线): 阴线
  开盘: $68,832.59
  收盘: $68,424.82
  实体: 407.77

K2 (孕线1): 阳线
  开盘: $68,424.82
  收盘: $68,587.90
  实体: 163.08

K3 (孕线2): 阳线
  开盘: $68,587.89
  收盘: $68,587.90
  实体: 0.01

⬆️ 可能见底反转
============================================================

[telegram] autoSelectFamily=false (default-node22)
✅ Sent via Telegram. Message ID: 2094
✓ 通知已发送
检查 日线 周期...
检查关键位置...
当前价格 - BTC: $68,583.27, ETH: $1,970.87
检查完成
[2026-02-16 17:00:01 北京时间] 开始检查双孕线形态...
检查 1小时 周期...
检查 4小时 周期...
检查 日线 周期...
检查关键位置...
当前价格 - BTC: $68,762.86, ETH: $1,977.07
未发现新的双孕线形态
检查完成
[2026-02-16 18:00:01 北京时间] 开始检查双孕线形态...
检查 1小时 周期...
检查 4小时 周期...
检查 日线 周期...
检查关键位置...
当前价格 - BTC: $68,976.01, ETH: $1,986.88

============================================================
⚠️ 关键位置提醒

💰 ETH 跌破支撑位
📍 支撑位：$2,000.00
💵 当前价：$1,986.88
📊 距离：-0.66%

❌ 已跌破支撑位，注意止损
============================================================

[telegram] autoSelectFamily=false (default-node22)
✅ Sent via Telegram. Message ID: 2102
✓ 通知已发送
未发现新的双孕线形态
检查完成
[2026-02-16 19:00:02 北京时间] 开始检查双孕线形态...
检查 1小时 周期...
检查 4小时 周期...
检查 日线 周期...
检查关键位置...
当前价格 - BTC: $68,793.12, ETH: $1,978.24
未发现新的双孕线形态
检查完成
[2026-02-16 20:00:02 北京时间] 开始检查双孕线形态...
检查 1小时 周期...

============================================================
🎀 双孕线形态提醒

📈 币种：BTC/USDT
⏰ 周期：1小时
📊 类型：看涨双孕线 (前期上涨)
📅 时间：2026-02-16 18:00 ~ 2026-02-16 20:00
💰 当前价格：$68,836.97

K1 (母线): 阴线
  开盘: $68,992.70
  收盘: $68,798.22
  实体: 194.48

K2 (孕线1): 阳线
  开盘: $68,798.21
  收盘: $68,812.83
  实体: 14.62

K3 (孕线2): 阳线
  开盘: $68,812.84
  收盘: $68,836.97
  实体: 24.13

⬆️ 可能见底反转
============================================================

[telegram] autoSelectFamily=false (default-node22)
✅ Sent via Telegram. Message ID: 2109
✓ 通知已发送
检查 4小时 周期...
检查 日线 周期...
检查关键位置...
当前价格 - BTC: $68,852.27, ETH: $1,976.73
检查完成
[2026-02-16 21:00:02 北京时间] 开始检查双孕线形态...
检查 1小时 周期...
检查 4小时 周期...
检查 日线 周期...
检查关键位置...
当前价格 - BTC: $69,771.58, ETH: $2,006.46

============================================================
⚠️ 关键位置提醒

💰 ETH 接近支撑位
📍 支撑位：$2,000.00
💵 当前价：$2,006.46
📊 距离：+0.32%

⚠️ 接近支撑位，注意观察
============================================================

[telegram] autoSelectFamily=false (default-node22)
✅ Sent via Telegram. Message ID: 2141
✓ 通知已发送
未发现新的双孕线形态
检查完成
[2026-02-16 22:00:02 北京时间] 开始检查双孕线形态...
检查 1小时 周期...
检查 4小时 周期...
检查 日线 周期...
检查关键位置...
当前价格 - BTC: $68,388.00, ETH: $1,967.31
未发现新的双孕线形态
检查完成
[2026-02-16 23:00:02 北京时间] 开始检查双孕线形态...
检查 1小时 周期...

============================================================
🎀 双孕线形态提醒

📈 币种：BTC/USDT
⏰ 周期：1小时
📊 类型：看涨双孕线 (前期上涨)
📅 时间：2026-02-16 21:00 ~ 2026-02-16 23:00
💰 当前价格：$68,433.13

K1 (母线): 阴线
  开盘: $69,763.24
  收盘: $68,395.10
  实体: 1368.14

K2 (孕线1): 阳线
  开盘: $68,395.11
  收盘: $68,427.64
  实体: 32.53

K3 (孕线2): 阳线
  开盘: $68,427.64
  收盘: $68,433.13
  实体: 5.49

⬆️ 可能见底反转
============================================================

[telegram] autoSelectFamily=false (default-node22)
✅ Sent via Telegram. Message ID: 2148
✓ 通知已发送
检查 4小时 周期...
检查 日线 周期...
检查关键位置...
当前价格 - BTC: $68,402.00, ETH: $1,973.31
检查完成
[2026-02-17 00:00:02 北京时间] 开始检查双孕线形态...
检查 1小时 周期...
检查 4小时 周期...
检查 日线 周期...
检查关键位置...
当前价格 - BTC: $67,533.86, ETH: $1,956.69
未发现新的双孕线形态
检查完成
[2026-02-17 01:00:02 北京时间] 开始检查双孕线形态...
检查 1小时 周期...

============================================================
🎀 双孕线形态提醒

📈 币种：BTC/USDT
⏰ 周期：1小时
📊 类型：看涨双孕线 (前期上涨)
📅 时间：2026-02-16 23:00 ~ 2026-02-17 01:00
💰 当前价格：$67,852.85

K1 (母线): 阴线
  开盘: $68,427.64
  收盘: $67,539.52
  实体: 888.12

K2 (孕线1): 阳线
  开盘: $67,539.53
  收盘: $67,888.70
  实体: 349.17

K3 (孕线2): 阴线
  开盘: $67,888.70
  收盘: $67,852.85
  实体: 35.85

⬆️ 可能见底反转
============================================================

[telegram] autoSelectFamily=false (default-node22)
✅ Sent via Telegram. Message ID: 2159
✓ 通知已发送
检查 4小时 周期...
检查 日线 周期...
检查关键位置...
当前价格 - BTC: $67,853.01, ETH: $1,972.97

============================================================
⚠️ 关键位置提醒

💰 BTC 跌破支撑位
📍 支撑位：$68,000.00
💵 当前价：$67,853.01
📊 距离：-0.22%

❌ 已跌破支撑位，注意止损
============================================================

[telegram] autoSelectFamily=false (default-node22)
✅ Sent via Telegram. Message ID: 2160
✓ 通知已发送
检查完成
[2026-02-17 02:00:01 北京时间] 开始检查双孕线形态...
检查 1小时 周期...
检查 4小时 周期...
检查 日线 周期...
检查关键位置...
当前价格 - BTC: $67,959.93, ETH: $1,979.87
未发现新的双孕线形态
检查完成
[2026-02-17 03:00:02 北京时间] 开始检查双孕线形态...
检查 1小时 周期...
检查 4小时 周期...
检查 日线 周期...
检查关键位置...
当前价格 - BTC: $67,875.59, ETH: $1,969.78

============================================================
⚠️ 关键位置提醒

💰 BTC 跌破支撑位
📍 支撑位：$68,000.00
💵 当前价：$67,875.59
📊 距离：-0.18%

❌ 已跌破支撑位，注意止损
============================================================

[telegram] autoSelectFamily=false (default-node22)
✅ Sent via Telegram. Message ID: 2163
✓ 通知已发送
未发现新的双孕线形态
检查完成
[2026-02-17 04:00:02 北京时间] 开始检查双孕线形态...
检查 1小时 周期...
检查 4小时 周期...

============================================================
🎀 双孕线形态提醒

📈 币种：BTC/USDT
⏰ 周期：4小时
📊 类型：看涨双孕线 (前期上涨)
📅 时间：2026-02-16 20:00 ~ 2026-02-17 04:00
💰 当前价格：$67,901.64

K1 (母线): 阴线
  开盘: $68,812.84
  收盘: $67,539.52
  实体: 1273.32

K2 (孕线1): 阳线
  开盘: $67,539.53
  收盘: $67,913.43
  实体: 373.90

K3 (孕线2): 阴线
  开盘: $67,913.44
  收盘: $67,901.64
  实体: 11.80

⬆️ 可能见底反转
============================================================

[telegram] autoSelectFamily=false (default-node22)
✅ Sent via Telegram. Message ID: 2165
✓ 通知已发送
检查 日线 周期...
检查关键位置...
当前价格 - BTC: $67,912.68, ETH: $1,974.31

============================================================
⚠️ 关键位置提醒

💰 BTC 跌破支撑位
📍 支撑位：$68,000.00
💵 当前价：$67,912.68
📊 距离：-0.13%

❌ 已跌破支撑位，注意止损
============================================================

[telegram] autoSelectFamily=false (default-node22)
✅ Sent via Telegram. Message ID: 2166
✓ 通知已发送
检查完成
[2026-02-17 05:00:02 北京时间] 开始检查双孕线形态...
检查 1小时 周期...
检查 4小时 周期...
检查 日线 周期...
检查关键位置...
当前价格 - BTC: $68,559.18, ETH: $1,993.88

============================================================
⚠️ 关键位置提醒

💰 ETH 跌破支撑位
📍 支撑位：$2,000.00
💵 当前价：$1,993.88
📊 距离：-0.31%

❌ 已跌破支撑位，注意止损
============================================================

[telegram] autoSelectFamily=false (default-node22)
✅ Sent via Telegram. Message ID: 2168
✓ 通知已发送
未发现新的双孕线形态
检查完成
[2026-02-17 06:00:01 北京时间] 开始检查双孕线形态...
检查 1小时 周期...
检查 4小时 周期...
检查 日线 周期...
检查关键位置...
当前价格 - BTC: $68,827.44, ETH: $1,998.44
未发现新的双孕线形态
检查完成
[2026-02-17 07:00:02 北京时间] 开始检查双孕线形态...
检查 1小时 周期...
检查 4小时 周期...
检查 日线 周期...
检查关键位置...
当前价格 - BTC: $68,617.15, ETH: $1,990.84

============================================================
⚠️ 关键位置提醒

💰 ETH 跌破支撑位
📍 支撑位：$2,000.00
💵 当前价：$1,990.84
📊 距离：-0.46%

❌ 已跌破支撑位，注意止损
============================================================

[telegram] autoSelectFamily=false (default-node22)
✅ Sent via Telegram. Message ID: 2171
✓ 通知已发送
未发现新的双孕线形态
检查完成
[2026-02-17 08:00:02 北京时间] 开始检查双孕线形态...
检查 1小时 周期...
检查 4小时 周期...
检查 日线 周期...
检查关键位置...
当前价格 - BTC: $68,897.93, ETH: $1,998.46

============================================================
⚠️ 关键位置提醒

💰 ETH 跌破支撑位
📍 支撑位：$2,000.00
💵 当前价：$1,998.46
📊 距离：-0.08%

❌ 已跌破支撑位，注意止损
============================================================

[telegram] autoSelectFamily=false (default-node22)
✅ Sent via Telegram. Message ID: 2173
✓ 通知已发送
未发现新的双孕线形态
检查完成
[2026-02-17 09:00:01 北京时间] 开始检查双孕线形态...
检查 1小时 周期...

============================================================
🎀 双孕线形态提醒

📈 币种：BTC/USDT
⏰ 周期：1小时
📊 类型：看跌双孕线 (前期上涨)
📅 时间：2026-02-17 07:00 ~ 2026-02-17 09:00
💰 当前价格：$68,899.07

K1 (母线): 阳线
  开盘: $68,591.01
  收盘: $68,892.43
  实体: 301.42

K2 (孕线1): 阴线
  开盘: $68,892.43
  收盘: $68,878.27
  实体: 14.16

K3 (孕线2): 阳线
  开盘: $68,878.27
  收盘: $68,899.07
  实体: 20.80

⬇️ 可能见顶回落
============================================================

[telegram] autoSelectFamily=false (default-node22)
✅ Sent via Telegram. Message ID: 2178
✓ 通知已发送
检查 4小时 周期...
检查 日线 周期...
检查关键位置...
当前价格 - BTC: $68,920.92, ETH: $1,999.70

============================================================
⚠️ 关键位置提醒

💰 ETH 跌破支撑位
📍 支撑位：$2,000.00
💵 当前价：$1,999.70
📊 距离：-0.01%

❌ 已跌破支撑位，注意止损
============================================================

[telegram] autoSelectFamily=false (default-node22)
✅ Sent via Telegram. Message ID: 2179
✓ 通知已发送
检查完成
[2026-02-17 10:00:02 北京时间] 开始检查双孕线形态...
检查 1小时 周期...
检查 4小时 周期...
检查 日线 周期...
检查关键位置...
当前价格 - BTC: $68,625.90, ETH: $1,991.65
未发现新的双孕线形态
检查完成
[2026-02-17 11:00:01 北京时间] 开始检查双孕线形态...
检查 1小时 周期...
检查 4小时 周期...
检查 日线 周期...
检查关键位置...
当前价格 - BTC: $68,840.39, ETH: $1,998.65

============================================================
⚠️ 关键位置提醒

💰 ETH 跌破支撑位
📍 支撑位：$2,000.00
💵 当前价：$1,998.65
📊 距离：-0.07%

❌ 已跌破支撑位，注意止损
============================================================

[telegram] autoSelectFamily=false (default-node22)
✅ Sent via Telegram. Message ID: 2361
✓ 通知已发送
未发现新的双孕线形态
检查完成
[2026-02-17 12:00:02 北京时间] 开始检查双孕线形态...
检查 1小时 周期...
检查 4小时 周期...

============================================================
🎀 双孕线形态提醒

📈 币种：BTC/USDT
⏰ 周期：4小时
📊 类型：看跌双孕线 (前期上涨)
📅 时间：2026-02-17 04:00 ~ 2026-02-17 12:00
💰 当前价格：$68,474.89

K1 (母线): 阳线
  开盘: $67,913.44
  收盘: $68,892.43
  实体: 978.99

K2 (孕线1): 阴线
  开盘: $68,892.43
  收盘: $68,474.90
  实体: 417.53

K3 (孕线2): 阴线
  开盘: $68,474.90
  收盘: $68,474.89
  实体: 0.01

⬇️ 可能见顶回落
============================================================

[telegram] autoSelectFamily=false (default-node22)
✅ Sent via Telegram. Message ID: 2363
✓ 通知已发送
检查 日线 周期...
检查关键位置...
当前价格 - BTC: $68,473.39, ETH: $1,986.06

============================================================
⚠️ 关键位置提醒

💰 ETH 跌破支撑位
📍 支撑位：$2,000.00
💵 当前价：$1,986.06
📊 距离：-0.70%

❌ 已跌破支撑位，注意止损
============================================================

[telegram] autoSelectFamily=false (default-node22)
✅ Sent via Telegram. Message ID: 2365
✓ 通知已发送
检查完成
[2026-02-17 13:00:02 北京时间] 开始检查双孕线形态...
检查 1小时 周期...

============================================================
🎀 双孕线形态提醒

📈 币种：BTC/USDT
⏰ 周期：1小时
📊 类型：看涨双孕线 
📅 时间：2026-02-17 11:00 ~ 2026-02-17 13:00
💰 当前价格：$68,481.68

K1 (母线): 阴线
  开盘: $68,838.48
  收盘: $68,474.90
  实体: 363.58

K2 (孕线1): 阳线
  开盘: $68,474.90
  收盘: $68,481.67
  实体: 6.77

K3 (孕线2): 阴线
  开盘: $68,481.68
  收盘: $68,481.68
  实体: 0.00

⬆️ 可能见底反转
============================================================

[telegram] autoSelectFamily=false (default-node22)
✅ Sent via Telegram. Message ID: 2373
✓ 通知已发送
检查 4小时 周期...
检查 日线 周期...
检查关键位置...
当前价格 - BTC: $68,493.00, ETH: $1,989.99
检查完成
[2026-02-17 14:00:02 北京时间] 开始检查双孕线形态...
检查 1小时 周期...
检查 4小时 周期...
检查 日线 周期...
检查关键位置...
当前价格 - BTC: $68,243.00, ETH: $1,975.68
未发现新的双孕线形态
检查完成
[2026-02-17 15:00:02 北京时间] 开始检查双孕线形态...
检查 1小时 周期...
检查 4小时 周期...
检查 日线 周期...
检查关键位置...
当前价格 - BTC: $68,375.16, ETH: $1,980.24

============================================================
⚠️ 关键位置提醒

💰 ETH 跌破支撑位
📍 支撑位：$2,000.00
💵 当前价：$1,980.24
📊 距离：-0.99%

❌ 已跌破支撑位，注意止损
============================================================

[telegram] autoSelectFamily=false (default-node22)
✅ Sent via Telegram. Message ID: 2378
✓ 通知已发送
未发现新的双孕线形态
检查完成
[2026-02-17 16:00:02 北京时间] 开始检查双孕线形态...
检查 1小时 周期...

============================================================
🎀 双孕线形态提醒

📈 币种：BTC/USDT
⏰ 周期：1小时
📊 类型：看跌双孕线 
📅 时间：2026-02-17 14:00 ~ 2026-02-17 16:00
💰 当前价格：$68,389.31

K1 (母线): 阳线
  开盘: $68,245.71
  收盘: $68,400.00
  实体: 154.29

K2 (孕线1): 阴线
  开盘: $68,400.01
  收盘: $68,388.12
  实体: 11.89

K3 (孕线2): 阳线
  开盘: $68,388.12
  收盘: $68,389.31
  实体: 1.19

⬇️ 可能见顶回落
============================================================

[telegram] autoSelectFamily=false (default-node22)
✅ Sent via Telegram. Message ID: 2380
✓ 通知已发送
检查 4小时 周期...

============================================================
🎀 双孕线形态提醒

📈 币种：BTC/USDT
⏰ 周期：4小时
📊 类型：看涨双孕线 (前期上涨)
📅 时间：2026-02-17 08:00 ~ 2026-02-17 16:00
💰 当前价格：$68,372.49

K1 (母线): 阴线
  开盘: $68,892.43
  收盘: $68,474.90
  实体: 417.53

K2 (孕线1): 阴线
  开盘: $68,474.90
  收盘: $68,388.12
  实体: 86.78

K3 (孕线2): 阴线
  开盘: $68,388.12
  收盘: $68,372.49
  实体: 15.63

⬆️ 可能见底反转
============================================================

[telegram] autoSelectFamily=false (default-node22)
✅ Sent via Telegram. Message ID: 2382
✓ 通知已发送
检查 日线 周期...
检查关键位置...
当前价格 - BTC: $68,375.00, ETH: $1,985.98

============================================================
⚠️ 关键位置提醒

💰 ETH 跌破支撑位
📍 支撑位：$2,000.00
💵 当前价：$1,985.98
📊 距离：-0.70%

❌ 已跌破支撑位，注意止损
============================================================

[telegram] autoSelectFamily=false (default-node22)
✅ Sent via Telegram. Message ID: 2383
✓ 通知已发送
检查完成
[2026-02-17 17:00:02 北京时间] 开始检查双孕线形态...
检查 1小时 周期...
检查 4小时 周期...
检查 日线 周期...
检查关键位置...
当前价格 - BTC: $68,177.53, ETH: $1,977.07

============================================================
⚠️ 关键位置提醒

💰 BTC 接近支撑位
📍 支撑位：$68,000.00
💵 当前价：$68,177.53
📊 距离：+0.26%

⚠️ 接近支撑位，注意观察
============================================================

[telegram] autoSelectFamily=false (default-node22)
✅ Sent via Telegram. Message ID: 2385
✓ 通知已发送
未发现新的双孕线形态
检查完成
[2026-02-17 18:00:02 北京时间] 开始检查双孕线形态...
检查 1小时 周期...

============================================================
🎀 双孕线形态提醒

📈 币种：BTC/USDT
⏰ 周期：1小时
📊 类型：看涨双孕线 
📅 时间：2026-02-17 16:00 ~ 2026-02-17 18:00
💰 当前价格：$68,110.54

K1 (母线): 阴线
  开盘: $68,388.12
  收盘: $68,177.53
  实体: 210.59

K2 (孕线1): 阴线
  开盘: $68,177.53
  收盘: $68,126.28
  实体: 51.25

K3 (孕线2): 阴线
  开盘: $68,126.29
  收盘: $68,110.54
  实体: 15.75

⬆️ 可能见底反转
============================================================

[telegram] autoSelectFamily=false (default-node22)
✅ Sent via Telegram. Message ID: 2397
✓ 通知已发送
检查 4小时 周期...
检查 日线 周期...
检查关键位置...
当前价格 - BTC: $68,106.28, ETH: $1,975.42

============================================================
⚠️ 关键位置提醒

💰 BTC 接近支撑位
📍 支撑位：$68,000.00
💵 当前价：$68,106.28
📊 距离：+0.16%

⚠️ 接近支撑位，注意观察
============================================================

[telegram] autoSelectFamily=false (default-node22)
✅ Sent via Telegram. Message ID: 2399
✓ 通知已发送
检查完成
[2026-02-17 19:00:02 北京时间] 开始检查双孕线形态...
检查 1小时 周期...
检查 4小时 周期...
检查 日线 周期...
检查关键位置...
当前价格 - BTC: $67,845.30, ETH: $1,967.44
未发现新的双孕线形态
检查完成
[2026-02-17 20:00:02 北京时间] 开始检查双孕线形态...
检查 1小时 周期...

============================================================
🎀 双孕线形态提醒

📈 币种：BTC/USDT
⏰ 周期：1小时
📊 类型：看涨双孕线 (前期下跌)
📅 时间：2026-02-17 18:00 ~ 2026-02-17 20:00
💰 当前价格：$67,840.92

K1 (母线): 阴线
  开盘: $68,126.29
  收盘: $67,845.30
  实体: 280.99

K2 (孕线1): 阳线
  开盘: $67,845.30
  收盘: $67,854.60
  实体: 9.30

K3 (孕线2): 阴线
  开盘: $67,854.60
  收盘: $67,840.92
  实体: 13.68

⬆️ 可能见底反转
============================================================

[telegram] autoSelectFamily=false (default-node22)
✅ Sent via Telegram. Message ID: 2408
✓ 通知已发送
检查 4小时 周期...
检查 日线 周期...
检查关键位置...
当前价格 - BTC: $67,839.25, ETH: $1,968.32

============================================================
⚠️ 关键位置提醒

💰 BTC 跌破支撑位
📍 支撑位：$68,000.00
💵 当前价：$67,839.25
📊 距离：-0.24%

❌ 已跌破支撑位，注意止损
============================================================

[telegram] autoSelectFamily=false (default-node22)
✅ Sent via Telegram. Message ID: 2410
✓ 通知已发送
检查完成
[2026-02-17 21:00:02 北京时间] 开始检查双孕线形态...
检查 1小时 周期...
检查 4小时 周期...
检查 日线 周期...
检查关键位置...
当前价格 - BTC: $67,922.32, ETH: $1,969.49
未发现新的双孕线形态
检查完成
[2026-02-17 22:00:02 北京时间] 开始检查双孕线形态...
检查 1小时 周期...
检查 4小时 周期...
检查 日线 周期...
检查关键位置...
当前价格 - BTC: $68,146.74, ETH: $1,990.77
未发现新的双孕线形态
检查完成
[2026-02-17 23:00:02 北京时间] 开始检查双孕线形态...
检查 1小时 周期...
检查 4小时 周期...
检查 日线 周期...
检查关键位置...
当前价格 - BTC: $66,898.95, ETH: $1,950.17
未发现新的双孕线形态
检查完成
[2026-02-18 00:00:02 北京时间] 开始检查双孕线形态...
检查 1小时 周期...

============================================================
🎀 双孕线形态提醒

📈 币种：BTC/USDT
⏰ 周期：1小时
📊 类型：看涨双孕线 (前期上涨)
📅 时间：2026-02-17 22:00 ~ 2026-02-18 00:00
💰 当前价格：$67,405.97

K1 (母线): 阴线
  开盘: $68,136.35
  收盘: $66,875.06
  实体: 1261.29

K2 (孕线1): 阳线
  开盘: $66,875.06
  收盘: $67,392.05
  实体: 516.99

K3 (孕线2): 阳线
  开盘: $67,392.06
  收盘: $67,405.97
  实体: 13.91

⬆️ 可能见底反转
============================================================

[telegram] autoSelectFamily=false (default-node22)
✅ Sent via Telegram. Message ID: 2537
✓ 通知已发送
检查 4小时 周期...
检查 日线 周期...
检查关键位置...
当前价格 - BTC: $67,378.93, ETH: $1,968.88
检查完成
[2026-02-18 01:00:02 北京时间] 开始检查双孕线形态...
检查 1小时 周期...
检查 4小时 周期...
检查 日线 周期...
检查关键位置...
当前价格 - BTC: $67,526.00, ETH: $1,979.88
未发现新的双孕线形态
检查完成
[2026-02-18 02:00:02 北京时间] 开始检查双孕线形态...
检查 1小时 周期...
检查 4小时 周期...
检查 日线 周期...
检查关键位置...
当前价格 - BTC: $67,256.00, ETH: $1,966.71
未发现新的双孕线形态
检查完成
[2026-02-18 03:00:02 北京时间] 开始检查双孕线形态...
检查 1小时 周期...
检查 4小时 周期...
检查 日线 周期...
检查关键位置...
当前价格 - BTC: $68,097.40, ETH: $1,999.37

============================================================
⚠️ 关键位置提醒

💰 BTC 接近支撑位
📍 支撑位：$68,000.00
💵 当前价：$68,097.40
📊 距离：+0.14%

⚠️ 接近支撑位，注意观察
============================================================

[telegram] autoSelectFamily=false (default-node22)
✅ Sent via Telegram. Message ID: 2623
✓ 通知已发送

============================================================
⚠️ 关键位置提醒

💰 ETH 跌破支撑位
📍 支撑位：$2,000.00
💵 当前价：$1,999.37
📊 距离：-0.03%

❌ 已跌破支撑位，注意止损
============================================================

[telegram] autoSelectFamily=false (default-node22)
✅ Sent via Telegram. Message ID: 2624
✓ 通知已发送
未发现新的双孕线形态
检查完成
[2026-02-18 04:00:02 北京时间] 开始检查双孕线形态...
检查 1小时 周期...

============================================================
🎀 双孕线形态提醒

📈 币种：BTC/USDT
⏰ 周期：1小时
📊 类型：看跌双孕线 
📅 时间：2026-02-18 02:00 ~ 2026-02-18 04:00
💰 当前价格：$67,776.32

K1 (母线): 阳线
  开盘: $67,244.22
  收盘: $68,098.62
  实体: 854.40

K2 (孕线1): 阴线
  开盘: $68,098.63
  收盘: $67,793.32
  实体: 305.31

K3 (孕线2): 阴线
  开盘: $67,793.32
  收盘: $67,776.32
  实体: 17.00

⬇️ 可能见顶回落
============================================================

[telegram] autoSelectFamily=false (default-node22)
✅ Sent via Telegram. Message ID: 2634
✓ 通知已发送
检查 4小时 周期...
检查 日线 周期...
检查关键位置...
当前价格 - BTC: $67,764.29, ETH: $1,998.08

============================================================
⚠️ 关键位置提醒

💰 ETH 跌破支撑位
📍 支撑位：$2,000.00
💵 当前价：$1,998.08
📊 距离：-0.10%

❌ 已跌破支撑位，注意止损
============================================================

[telegram] autoSelectFamily=false (default-node22)
✅ Sent via Telegram. Message ID: 2636
✓ 通知已发送
检查完成
[2026-02-18 05:00:01 北京时间] 开始检查双孕线形态...
检查 1小时 周期...

============================================================
🎀 双孕线形态提醒

📈 币种：BTC/USDT
⏰ 周期：1小时
📊 类型：看涨双孕线 (前期上涨)
📅 时间：2026-02-18 03:00 ~ 2026-02-18 05:00
💰 当前价格：$67,731.67

K1 (母线): 阴线
  开盘: $68,098.63
  收盘: $67,793.32
  实体: 305.31

K2 (孕线1): 阴线
  开盘: $67,793.32
  收盘: $67,753.30
  实体: 40.02

K3 (孕线2): 阴线
  开盘: $67,753.30
  收盘: $67,731.67
  实体: 21.63

⬆️ 可能见底反转
============================================================

[telegram] autoSelectFamily=false (default-node22)
✅ Sent via Telegram. Message ID: 2638
✓ 通知已发送
检查 4小时 周期...
检查 日线 周期...
检查关键位置...
当前价格 - BTC: $67,717.80, ETH: $1,994.58
检查完成
[2026-02-18 06:00:02 北京时间] 开始检查双孕线形态...
检查 1小时 周期...
检查 4小时 周期...
检查 日线 周期...
检查关键位置...
当前价格 - BTC: $67,680.54, ETH: $1,999.76

============================================================
⚠️ 关键位置提醒

💰 ETH 跌破支撑位
📍 支撑位：$2,000.00
💵 当前价：$1,999.76
📊 距离：-0.01%

❌ 已跌破支撑位，注意止损
============================================================

[telegram] autoSelectFamily=false (default-node22)
✅ Sent via Telegram. Message ID: 2640
✓ 通知已发送
未发现新的双孕线形态
检查完成
[2026-02-18 07:00:02 北京时间] 开始检查双孕线形态...
检查 1小时 周期...
检查 4小时 周期...
检查 日线 周期...
检查关键位置...
当前价格 - BTC: $67,540.10, ETH: $1,993.46
未发现新的双孕线形态
检查完成
[2026-02-18 08:00:02 北京时间] 开始检查双孕线形态...
检查 1小时 周期...

============================================================
🎀 双孕线形态提醒

📈 币种：BTC/USDT
⏰ 周期：1小时
📊 类型：看涨双孕线 (前期下跌)
📅 时间：2026-02-18 06:00 ~ 2026-02-18 08:00
💰 当前价格：$67,506.18

K1 (母线): 阴线
  开盘: $67,680.55
  收盘: $67,527.72
  实体: 152.83

K2 (孕线1): 阴线
  开盘: $67,527.72
  收盘: $67,503.52
  实体: 24.20

K3 (孕线2): 阳线
  开盘: $67,503.52
  收盘: $67,506.18
  实体: 2.66

⬆️ 可能见底反转
============================================================

[telegram] autoSelectFamily=false (default-node22)
✅ Sent via Telegram. Message ID: 2644
✓ 通知已发送
检查 4小时 周期...
检查 日线 周期...
检查关键位置...
当前价格 - BTC: $67,514.52, ETH: $1,991.80

============================================================
⚠️ 关键位置提醒

💰 ETH 跌破支撑位
📍 支撑位：$2,000.00
💵 当前价：$1,991.80
📊 距离：-0.41%

❌ 已跌破支撑位，注意止损
============================================================

[telegram] autoSelectFamily=false (default-node22)
✅ Sent via Telegram. Message ID: 2646
✓ 通知已发送
检查完成
[2026-02-18 09:00:02 北京时间] 开始检查双孕线形态...
检查 1小时 周期...
检查 4小时 周期...
检查 日线 周期...
检查关键位置...
当前价格 - BTC: $67,331.61, ETH: $1,982.05
未发现新的双孕线形态
检查完成
[2026-02-18 10:00:02 北京时间] 开始检查双孕线形态...
检查 1小时 周期...
检查 4小时 周期...
检查 日线 周期...
检查关键位置...
当前价格 - BTC: $67,165.20, ETH: $1,978.07
未发现新的双孕线形态
检查完成
[2026-02-18 11:00:02 北京时间] 开始检查双孕线形态...
检查 1小时 周期...
检查 4小时 周期...
检查 日线 周期...
检查关键位置...
当前价格 - BTC: $67,335.05, ETH: $1,987.65

============================================================
⚠️ 关键位置提醒

💰 ETH 跌破支撑位
📍 支撑位：$2,000.00
💵 当前价：$1,987.65
📊 距离：-0.62%

❌ 已跌破支撑位，注意止损
============================================================

[telegram] autoSelectFamily=false (default-node22)
✅ Sent via Telegram. Message ID: 2716
✓ 通知已发送
未发现新的双孕线形态
检查完成
[2026-02-18 12:00:02 北京时间] 开始检查双孕线形态...
检查 1小时 周期...
检查 4小时 周期...

============================================================
🎀 双孕线形态提醒

📈 币种：BTC/USDT
⏰ 周期：4小时
📊 类型：看涨双孕线 (前期下跌)
📅 时间：2026-02-18 04:00 ~ 2026-02-18 12:00
💰 当前价格：$67,638.00

K1 (母线): 阴线
  开盘: $67,793.32
  收盘: $67,503.52
  实体: 289.80

K2 (孕线1): 阳线
  开盘: $67,503.52
  收盘: $67,629.11
  实体: 125.59

K3 (孕线2): 阳线
  开盘: $67,629.10
  收盘: $67,638.00
  实体: 8.90

⬆️ 可能见底反转
============================================================

[telegram] autoSelectFamily=false (default-node22)
✅ Sent via Telegram. Message ID: 2737
✓ 通知已发送
检查 日线 周期...
检查关键位置...
当前价格 - BTC: $67,629.10, ETH: $1,998.22

============================================================
⚠️ 关键位置提醒

💰 ETH 跌破支撑位
📍 支撑位：$2,000.00
💵 当前价：$1,998.22
📊 距离：-0.09%

❌ 已跌破支撑位，注意止损
============================================================

[telegram] autoSelectFamily=false (default-node22)
✅ Sent via Telegram. Message ID: 2739
✓ 通知已发送
检查完成
[2026-02-18 13:00:01 北京时间] 开始检查双孕线形态...
检查 1小时 周期...
检查 4小时 周期...
检查 日线 周期...
检查关键位置...
当前价格 - BTC: $67,820.60, ETH: $1,998.91

============================================================
⚠️ 关键位置提醒

💰 BTC 跌破支撑位
📍 支撑位：$68,000.00
💵 当前价：$67,820.60
📊 距离：-0.26%

❌ 已跌破支撑位，注意止损
============================================================

[telegram] autoSelectFamily=false (default-node22)
✅ Sent via Telegram. Message ID: 2746
✓ 通知已发送
未发现新的双孕线形态
检查完成
[2026-02-18 14:00:02 北京时间] 开始检查双孕线形态...
检查 1小时 周期...
检查 4小时 周期...
检查 日线 周期...
检查关键位置...
当前价格 - BTC: $67,652.01, ETH: $1,996.50

============================================================
⚠️ 关键位置提醒

💰 ETH 跌破支撑位
📍 支撑位：$2,000.00
💵 当前价：$1,996.50
📊 距离：-0.18%

❌ 已跌破支撑位，注意止损
============================================================

[telegram] autoSelectFamily=false (default-node22)
✅ Sent via Telegram. Message ID: 2748
✓ 通知已发送
未发现新的双孕线形态
检查完成
[2026-02-18 15:00:02 北京时间] 开始检查双孕线形态...
检查 1小时 周期...
检查 4小时 周期...
检查 日线 周期...
检查关键位置...
当前价格 - BTC: $67,850.53, ETH: $2,002.22

============================================================
⚠️ 关键位置提醒

💰 BTC 跌破支撑位
📍 支撑位：$68,000.00
💵 当前价：$67,850.53
📊 距离：-0.22%

❌ 已跌破支撑位，注意止损
============================================================

[telegram] autoSelectFamily=false (default-node22)
✅ Sent via Telegram. Message ID: 2751
✓ 通知已发送

============================================================
⚠️ 关键位置提醒

💰 ETH 接近支撑位
📍 支撑位：$2,000.00
💵 当前价：$2,002.22
📊 距离：+0.11%

⚠️ 接近支撑位，注意观察
============================================================

[telegram] autoSelectFamily=false (default-node22)
✅ Sent via Telegram. Message ID: 2752
✓ 通知已发送
未发现新的双孕线形态
检查完成
[2026-02-18 16:00:02 北京时间] 开始检查双孕线形态...
检查 1小时 周期...
检查 4小时 周期...
检查 日线 周期...
检查关键位置...
当前价格 - BTC: $68,139.78, ETH: $2,019.35

============================================================
⚠️ 关键位置提醒

💰 BTC 接近支撑位
📍 支撑位：$68,000.00
💵 当前价：$68,139.78
📊 距离：+0.21%

⚠️ 接近支撑位，注意观察
============================================================

[telegram] autoSelectFamily=false (default-node22)
✅ Sent via Telegram. Message ID: 2754
✓ 通知已发送

============================================================
⚠️ 关键位置提醒

💰 ETH 接近支撑位
📍 支撑位：$2,000.00
💵 当前价：$2,019.35
📊 距离：+0.97%

⚠️ 接近支撑位，注意观察
============================================================

[telegram] autoSelectFamily=false (default-node22)
✅ Sent via Telegram. Message ID: 2756
✓ 通知已发送
未发现新的双孕线形态
检查完成
[2026-02-18 17:00:01 北京时间] 开始检查双孕线形态...
检查 1小时 周期...

============================================================
🎀 双孕线形态提醒

📈 币种：BTC/USDT
⏰ 周期：1小时
📊 类型：看跌双孕线 (前期上涨)
📅 时间：2026-02-18 15:00 ~ 2026-02-18 17:00
💰 当前价格：$68,140.07

K1 (母线): 阳线
  开盘: $67,850.53
  收盘: $68,106.44
  实体: 255.91

K2 (孕线1): 阳线
  开盘: $68,106.44
  收盘: $68,132.82
  实体: 26.38

K3 (孕线2): 阳线
  开盘: $68,132.83
  收盘: $68,140.07
  实体: 7.24

⬇️ 可能见顶回落
============================================================

[telegram] autoSelectFamily=false (default-node22)
✅ Sent via Telegram. Message ID: 2760
✓ 通知已发送
检查 4小时 周期...
检查 日线 周期...
检查关键位置...
当前价格 - BTC: $68,133.94, ETH: $2,019.99

============================================================
⚠️ 关键位置提醒

💰 BTC 接近支撑位
📍 支撑位：$68,000.00
💵 当前价：$68,133.94
📊 距离：+0.20%

⚠️ 接近支撑位，注意观察
============================================================

[telegram] autoSelectFamily=false (default-node22)
✅ Sent via Telegram. Message ID: 2761
✓ 通知已发送

============================================================
⚠️ 关键位置提醒

💰 ETH 接近支撑位
📍 支撑位：$2,000.00
💵 当前价：$2,019.99
📊 距离：+1.00%

⚠️ 接近支撑位，注意观察
============================================================

[telegram] autoSelectFamily=false (default-node22)
✅ Sent via Telegram. Message ID: 2762
✓ 通知已发送
检查完成
[2026-02-18 18:00:02 北京时间] 开始检查双孕线形态...
检查 1小时 周期...
检查 4小时 周期...
检查 日线 周期...
检查关键位置...
当前价格 - BTC: $68,157.79, ETH: $2,016.61
未发现新的双孕线形态
检查完成
[2026-02-18 19:00:02 北京时间] 开始检查双孕线形态...
检查 1小时 周期...
检查 4小时 周期...
检查 日线 周期...
检查关键位置...
当前价格 - BTC: $67,794.00, ETH: $1,996.99

============================================================
⚠️ 关键位置提醒

💰 ETH 跌破支撑位
📍 支撑位：$2,000.00
💵 当前价：$1,996.99
📊 距离：-0.15%

❌ 已跌破支撑位，注意止损
============================================================

[telegram] autoSelectFamily=false (default-node22)
✅ Sent via Telegram. Message ID: 2771
✓ 通知已发送
未发现新的双孕线形态
检查完成
[2026-02-18 20:00:01 北京时间] 开始检查双孕线形态...
检查 1小时 周期...
检查 4小时 周期...
检查 日线 周期...
检查关键位置...
当前价格 - BTC: $67,386.45, ETH: $1,981.72

============================================================
⚠️ 关键位置提醒

💰 ETH 跌破支撑位
📍 支撑位：$2,000.00
💵 当前价：$1,981.72
📊 距离：-0.91%

❌ 已跌破支撑位，注意止损
============================================================

[telegram] autoSelectFamily=false (default-node22)
✅ Sent via Telegram. Message ID: 2773
✓ 通知已发送
未发现新的双孕线形态
检查完成
[2026-02-18 21:00:02 北京时间] 开始检查双孕线形态...
检查 1小时 周期...

============================================================
🎀 双孕线形态提醒

📈 币种：BTC/USDT
⏰ 周期：1小时
📊 类型：看涨双孕线 (前期上涨)
📅 时间：2026-02-18 19:00 ~ 2026-02-18 21:00
💰 当前价格：$67,487.05

K1 (母线): 阴线
  开盘: $67,801.26
  收盘: $67,369.75
  实体: 431.51

K2 (孕线1): 阳线
  开盘: $67,369.75
  收盘: $67,458.06
  实体: 88.31

K3 (孕线2): 阳线
  开盘: $67,458.06
  收盘: $67,487.05
  实体: 28.99

⬆️ 可能见底反转
============================================================

[telegram] autoSelectFamily=false (default-node22)
✅ Sent via Telegram. Message ID: 2783
✓ 通知已发送
检查 4小时 周期...
检查 日线 周期...
检查关键位置...
当前价格 - BTC: $67,527.54, ETH: $1,984.47

============================================================
⚠️ 关键位置提醒

💰 ETH 跌破支撑位
📍 支撑位：$2,000.00
💵 当前价：$1,984.47
📊 距离：-0.78%

❌ 已跌破支撑位，注意止损
============================================================

[telegram] autoSelectFamily=false (default-node22)
✅ Sent via Telegram. Message ID: 2784
✓ 通知已发送
检查完成
[2026-02-18 22:00:02 北京时间] 开始检查双孕线形态...
检查 1小时 周期...
检查 4小时 周期...
检查 日线 周期...
检查关键位置...
当前价格 - BTC: $67,241.43, ETH: $1,970.40
未发现新的双孕线形态
检查完成
[2026-02-18 23:00:02 北京时间] 开始检查双孕线形态...
检查 1小时 周期...

============================================================
🎀 双孕线形态提醒

📈 币种：BTC/USDT
⏰ 周期：1小时
📊 类型：看涨双孕线 
📅 时间：2026-02-18 21:00 ~ 2026-02-18 23:00
💰 当前价格：$67,223.52

K1 (母线): 阴线
  开盘: $67,458.06
  收盘: $67,236.88
  实体: 221.18

K2 (孕线1): 阴线
  开盘: $67,236.89
  收盘: $67,223.76
  实体: 13.13

K3 (孕线2): 阴线
  开盘: $67,223.77
  收盘: $67,223.52
  实体: 0.25

⬆️ 可能见底反转
============================================================

[telegram] autoSelectFamily=false (default-node22)
✅ Sent via Telegram. Message ID: 2796
✓ 通知已发送
检查 4小时 周期...
检查 日线 周期...
检查关键位置...
当前价格 - BTC: $67,192.26, ETH: $1,973.58
检查完成
[2026-02-19 00:00:02 北京时间] 开始检查双孕线形态...
检查 1小时 周期...
检查 4小时 周期...

============================================================
🎀 双孕线形态提醒

📈 币种：BTC/USDT
⏰ 周期：4小时
📊 类型：看涨双孕线 (前期上涨)
📅 时间：2026-02-18 16:00 ~ 2026-02-19 00:00
💰 当前价格：$67,703.25

K1 (母线): 阴线
  开盘: $68,106.44
  收盘: $67,369.75
  实体: 736.69

K2 (孕线1): 阳线
  开盘: $67,369.75
  收盘: $67,694.01
  实体: 324.26

K3 (孕线2): 阳线
  开盘: $67,694.01
  收盘: $67,703.25
  实体: 9.24

⬆️ 可能见底反转
============================================================

[telegram] autoSelectFamily=false (default-node22)
✅ Sent via Telegram. Message ID: 2810
✓ 通知已发送
检查 日线 周期...
检查关键位置...
当前价格 - BTC: $67,686.00, ETH: $1,985.04

============================================================
⚠️ 关键位置提醒

💰 ETH 跌破支撑位
📍 支撑位：$2,000.00
💵 当前价：$1,985.04
📊 距离：-0.75%

❌ 已跌破支撑位，注意止损
============================================================

[telegram] autoSelectFamily=false (default-node22)
✅ Sent via Telegram. Message ID: 2812
✓ 通知已发送
检查完成
[2026-02-19 01:00:02 北京时间] 开始检查双孕线形态...
检查 1小时 周期...
检查 4小时 周期...
检查 日线 周期...
检查关键位置...
当前价格 - BTC: $67,149.03, ETH: $1,972.21
未发现新的双孕线形态
检查完成
[2026-02-19 02:00:02 北京时间] 开始检查双孕线形态...
检查 1小时 周期...

============================================================
🎀 双孕线形态提醒

📈 币种：BTC/USDT
⏰ 周期：1小时
📊 类型：看涨双孕线 
📅 时间：2026-02-19 00:00 ~ 2026-02-19 02:00
💰 当前价格：$67,181.45

K1 (母线): 阴线
  开盘: $67,694.01
  收盘: $67,145.34
  实体: 548.67

K2 (孕线1): 阳线
  开盘: $67,145.35
  收盘: $67,187.39
  实体: 42.04

K3 (孕线2): 阴线
  开盘: $67,187.40
  收盘: $67,181.45
  实体: 5.95

⬆️ 可能见底反转
============================================================

[telegram] autoSelectFamily=false (default-node22)
✅ Sent via Telegram. Message ID: 2848
✓ 通知已发送
检查 4小时 周期...
检查 日线 周期...
检查关键位置...
当前价格 - BTC: $67,178.00, ETH: $1,974.57
检查完成
[2026-02-19 03:00:02 北京时间] 开始检查双孕线形态...
检查 1小时 周期...
检查 4小时 周期...
检查 日线 周期...
检查关键位置...
当前价格 - BTC: $66,320.32, ETH: $1,950.81
未发现新的双孕线形态
检查完成
[2026-02-19 04:00:02 北京时间] 开始检查双孕线形态...
检查 1小时 周期...
检查 4小时 周期...
检查 日线 周期...
检查关键位置...
当前价格 - BTC: $66,174.00, ETH: $1,941.15
未发现新的双孕线形态
检查完成
[2026-02-19 05:00:02 北京时间] 开始检查双孕线形态...
检查 1小时 周期...

============================================================
🎀 双孕线形态提醒

📈 币种：BTC/USDT
⏰ 周期：1小时
📊 类型：看涨双孕线 
📅 时间：2026-02-19 03:00 ~ 2026-02-19 05:00
💰 当前价格：$66,290.34

K1 (母线): 阴线
  开盘: $66,360.00
  收盘: $66,177.14
  实体: 182.86

K2 (孕线1): 阳线
  开盘: $66,177.15
  收盘: $66,268.39
  实体: 91.24

K3 (孕线2): 阳线
  开盘: $66,268.40
  收盘: $66,290.34
  实体: 21.94

⬆️ 可能见底反转
============================================================

[telegram] autoSelectFamily=false (default-node22)
✅ Sent via Telegram. Message ID: 2860
✓ 通知已发送
检查 4小时 周期...
检查 日线 周期...
检查关键位置...
当前价格 - BTC: $66,278.03, ETH: $1,939.38
检查完成
[2026-02-19 06:00:02 北京时间] 开始检查双孕线形态...
检查 1小时 周期...
检查 4小时 周期...
检查 日线 周期...
检查关键位置...
当前价格 - BTC: $66,342.76, ETH: $1,942.82
未发现新的双孕线形态
检查完成
[2026-02-19 07:00:01 北京时间] 开始检查双孕线形态...
检查 1小时 周期...
检查 4小时 周期...
检查 日线 周期...
检查关键位置...
当前价格 - BTC: $66,413.08, ETH: $1,948.23
未发现新的双孕线形态
检查完成
[2026-02-19 08:00:02 北京时间] 开始检查双孕线形态...
检查 1小时 周期...
检查 4小时 周期...

============================================================
🎀 双孕线形态提醒

📈 币种：BTC/USDT
⏰ 周期：4小时
📊 类型：看涨双孕线 (前期上涨)
📅 时间：2026-02-19 00:00 ~ 2026-02-19 08:00
💰 当前价格：$66,468.01

K1 (母线): 阴线
  开盘: $67,694.01
  收盘: $66,177.14
  实体: 1516.87

K2 (孕线1): 阳线
  开盘: $66,177.15
  收盘: $66,461.00
  实体: 283.85

K3 (孕线2): 阳线
  开盘: $66,461.00
  收盘: $66,468.01
  实体: 7.01

⬆️ 可能见底反转
============================================================

[telegram] autoSelectFamily=false (default-node22)
✅ Sent via Telegram. Message ID: 2865
✓ 通知已发送
检查 日线 周期...
检查关键位置...
当前价格 - BTC: $66,453.23, ETH: $1,955.43
检查完成
[2026-02-19 09:00:02 北京时间] 开始检查双孕线形态...
检查 1小时 周期...

============================================================
🎀 双孕线形态提醒

📈 币种：BTC/USDT
⏰ 周期：1小时
📊 类型：看跌双孕线 (前期上涨)
📅 时间：2026-02-19 07:00 ~ 2026-02-19 09:00
💰 当前价格：$66,458.96

K1 (母线): 阳线
  开盘: $66,408.83
  收盘: $66,461.00
  实体: 52.17

K2 (孕线1): 阴线
  开盘: $66,461.00
  收盘: $66,446.49
  实体: 14.51

K3 (孕线2): 阳线
  开盘: $66,446.49
  收盘: $66,458.96
  实体: 12.47

⬇️ 可能见顶回落
============================================================

[telegram] autoSelectFamily=false (default-node22)
✅ Sent via Telegram. Message ID: 2868
✓ 通知已发送
检查 4小时 周期...
检查 日线 周期...
检查关键位置...
当前价格 - BTC: $66,470.29, ETH: $1,957.36
检查完成
[2026-02-19 10:00:02 北京时间] 开始检查双孕线形态...
检查 1小时 周期...
检查 4小时 周期...
检查 日线 周期...
检查关键位置...
当前价格 - BTC: $66,852.53, ETH: $1,967.14
未发现新的双孕线形态
检查完成
[2026-02-19 11:00:02 北京时间] 开始检查双孕线形态...
检查 1小时 周期...

============================================================
🎀 双孕线形态提醒

📈 币种：BTC/USDT
⏰ 周期：1小时
📊 类型：看跌双孕线 (前期上涨)
📅 时间：2026-02-19 09:00 ~ 2026-02-19 11:00
💰 当前价格：$66,841.84

K1 (母线): 阳线
  开盘: $66,446.49
  收盘: $66,866.62
  实体: 420.13

K2 (孕线1): 阴线
  开盘: $66,866.63
  收盘: $66,835.20
  实体: 31.43

K3 (孕线2): 阳线
  开盘: $66,835.20
  收盘: $66,841.84
  实体: 6.64

⬇️ 可能见顶回落
============================================================

[telegram] autoSelectFamily=false (default-node22)
✅ Sent via Telegram. Message ID: 2872
✓ 通知已发送
检查 4小时 周期...
检查 日线 周期...
检查关键位置...
当前价格 - BTC: $66,841.84, ETH: $1,967.55
检查完成
[2026-02-19 12:00:02 北京时间] 开始检查双孕线形态...
检查 1小时 周期...
检查 4小时 周期...
检查 日线 周期...
检查关键位置...
当前价格 - BTC: $66,990.09, ETH: $1,972.76
未发现新的双孕线形态
检查完成
[2026-02-19 13:00:02 北京时间] 开始检查双孕线形态...
检查 1小时 周期...
检查 4小时 周期...
检查 日线 周期...
检查关键位置...
当前价格 - BTC: $66,803.00, ETH: $1,969.73
未发现新的双孕线形态
检查完成
[2026-02-19 14:00:02 北京时间] 开始检查双孕线形态...
检查 1小时 周期...

============================================================
🎀 双孕线形态提醒

📈 币种：BTC/USDT
⏰ 周期：1小时
📊 类型：看涨双孕线 
📅 时间：2026-02-19 12:00 ~ 2026-02-19 14:00
💰 当前价格：$66,866.68

K1 (母线): 阴线
  开盘: $66,980.91
  收盘: $66,802.75
  实体: 178.16

K2 (孕线1): 阳线
  开盘: $66,802.74
  收盘: $66,871.35
  实体: 68.61

K3 (孕线2): 阴线
  开盘: $66,871.34
  收盘: $66,866.68
  实体: 4.66

⬆️ 可能见底反转
============================================================

[telegram] autoSelectFamily=false (default-node22)
✅ Sent via Telegram. Message ID: 2877
✓ 通知已发送
检查 4小时 周期...
检查 日线 周期...
检查关键位置...
当前价格 - BTC: $66,877.89, ETH: $1,970.56
检查完成
[2026-02-19 15:00:02 北京时间] 开始检查双孕线形态...
检查 1小时 周期...
检查 4小时 周期...
检查 日线 周期...
检查关键位置...
当前价格 - BTC: $67,151.80, ETH: $1,983.50

============================================================
⚠️ 关键位置提醒

💰 ETH 跌破支撑位
📍 支撑位：$2,000.00
💵 当前价：$1,983.50
📊 距离：-0.83%

❌ 已跌破支撑位，注意止损
============================================================

[telegram] autoSelectFamily=false (default-node22)
✅ Sent via Telegram. Message ID: 2880
✓ 通知已发送
未发现新的双孕线形态
检查完成
[2026-02-19 16:00:01 北京时间] 开始检查双孕线形态...
检查 1小时 周期...

============================================================
🎀 双孕线形态提醒

📈 币种：BTC/USDT
⏰ 周期：1小时
📊 类型：看跌双孕线 
📅 时间：2026-02-19 14:00 ~ 2026-02-19 16:00
💰 当前价格：$67,186.03

K1 (母线): 阳线
  开盘: $66,871.34
  收盘: $67,150.12
  实体: 278.78

K2 (孕线1): 阳线
  开盘: $67,150.12
  收盘: $67,206.45
  实体: 56.33

K3 (孕线2): 阴线
  开盘: $67,206.45
  收盘: $67,186.03
  实体: 20.42

⬇️ 可能见顶回落
============================================================

[telegram] autoSelectFamily=false (default-node22)
✅ Sent via Telegram. Message ID: 2882
✓ 通知已发送
检查 4小时 周期...
检查 日线 周期...
检查关键位置...
当前价格 - BTC: $67,186.01, ETH: $1,981.12

============================================================
⚠️ 关键位置提醒

💰 ETH 跌破支撑位
📍 支撑位：$2,000.00
💵 当前价：$1,981.12
📊 距离：-0.94%

❌ 已跌破支撑位，注意止损
============================================================

[telegram] autoSelectFamily=false (default-node22)
✅ Sent via Telegram. Message ID: 2884
✓ 通知已发送
检查完成
[2026-02-19 17:00:02 北京时间] 开始检查双孕线形态...
检查 1小时 周期...
检查 4小时 周期...
检查 日线 周期...
检查关键位置...
当前价格 - BTC: $66,970.28, ETH: $1,970.99
未发现新的双孕线形态
检查完成
[2026-02-19 18:00:02 北京时间] 开始检查双孕线形态...
检查 1小时 周期...
检查 4小时 周期...
检查 日线 周期...
检查关键位置...
当前价格 - BTC: $66,836.00, ETH: $1,963.72
未发现新的双孕线形态
检查完成
[2026-02-19 19:00:02 北京时间] 开始检查双孕线形态...
检查 1小时 周期...

============================================================
🎀 双孕线形态提醒

📈 币种：BTC/USDT
⏰ 周期：1小时
📊 类型：看涨双孕线 (前期上涨)
📅 时间：2026-02-19 17:00 ~ 2026-02-19 19:00
💰 当前价格：$66,836.40

K1 (母线): 阴线
  开盘: $66,966.12
  收盘: $66,836.00
  实体: 130.12

K2 (孕线1): 阳线
  开盘: $66,836.01
  收盘: $66,843.08
  实体: 7.07

K3 (孕线2): 阴线
  开盘: $66,843.08
  收盘: $66,836.40
  实体: 6.68

⬆️ 可能见底反转
============================================================

[telegram] autoSelectFamily=false (default-node22)
✅ Sent via Telegram. Message ID: 2892
✓ 通知已发送
检查 4小时 周期...
检查 日线 周期...
检查关键位置...
当前价格 - BTC: $66,849.85, ETH: $1,959.62
检查完成
[2026-02-19 20:00:02 北京时间] 开始检查双孕线形态...
检查 1小时 周期...
检查 4小时 周期...
检查 日线 周期...
检查关键位置...
当前价格 - BTC: $66,485.05, ETH: $1,949.42
未发现新的双孕线形态
检查完成
[2026-02-19 21:00:01 北京时间] 开始检查双孕线形态...
检查 1小时 周期...

============================================================
🎀 双孕线形态提醒

📈 币种：BTC/USDT
⏰ 周期：1小时
📊 类型：看涨双孕线 
📅 时间：2026-02-19 19:00 ~ 2026-02-19 21:00
💰 当前价格：$66,534.96

K1 (母线): 阴线
  开盘: $66,843.08
  收盘: $66,496.02
  实体: 347.06

K2 (孕线1): 阳线
  开盘: $66,496.03
  收盘: $66,516.67
  实体: 20.64

K3 (孕线2): 阳线
  开盘: $66,516.67
  收盘: $66,534.96
  实体: 18.29

⬆️ 可能见底反转
============================================================

[telegram] autoSelectFamily=false (default-node22)
✅ Sent via Telegram. Message ID: 2896
✓ 通知已发送
检查 4小时 周期...
检查 日线 周期...
检查关键位置...
当前价格 - BTC: $66,515.63, ETH: $1,946.15
检查完成
[2026-02-19 22:00:02 北京时间] 开始检查双孕线形态...
检查 1小时 周期...
检查 4小时 周期...
检查 日线 周期...
检查关键位置...
当前价格 - BTC: $65,932.54, ETH: $1,922.18
未发现新的双孕线形态
检查完成
[2026-02-19 23:00:02 北京时间] 开始检查双孕线形态...
检查 1小时 周期...
检查 4小时 周期...
检查 日线 周期...
检查关键位置...
当前价格 - BTC: $66,405.29, ETH: $1,936.20
未发现新的双孕线形态
检查完成
[2026-02-20 00:00:02 北京时间] 开始检查双孕线形态...
检查 1小时 周期...

============================================================
🎀 双孕线形态提醒

📈 币种：BTC/USDT
⏰ 周期：1小时
📊 类型：看跌双孕线 
📅 时间：2026-02-19 22:00 ~ 2026-02-20 00:00
💰 当前价格：$66,377.50

K1 (母线): 阳线
  开盘: $65,913.38
  收盘: $66,421.20
  实体: 507.82

K2 (孕线1): 阴线
  开盘: $66,421.20
  收盘: $66,398.00
  实体: 23.20

K3 (孕线2): 阴线
  开盘: $66,398.01
  收盘: $66,377.50
  实体: 20.51

⬇️ 可能见顶回落
============================================================

[telegram] autoSelectFamily=false (default-node22)
✅ Sent via Telegram. Message ID: 2901
✓ 通知已发送
检查 4小时 周期...
检查 日线 周期...
检查关键位置...
当前价格 - BTC: $66,355.14, ETH: $1,924.76
检查完成
[2026-02-20 01:00:01 北京时间] 开始检查双孕线形态...
检查 1小时 周期...
检查 4小时 周期...
检查 日线 周期...
检查关键位置...
当前价格 - BTC: $66,305.28, ETH: $1,922.47
未发现新的双孕线形态
检查完成
[2026-02-20 02:00:01 北京时间] 开始检查双孕线形态...
检查 1小时 周期...
检查 4小时 周期...
检查 日线 周期...
检查关键位置...
当前价格 - BTC: $66,354.59, ETH: $1,920.32
未发现新的双孕线形态
检查完成
[2026-02-20 03:00:01 北京时间] 开始检查双孕线形态...
检查 1小时 周期...
检查 4小时 周期...
检查 日线 周期...
检查关键位置...
当前价格 - BTC: $67,030.50, ETH: $1,939.97
未发现新的双孕线形态
检查完成
[2026-02-20 04:00:02 北京时间] 开始检查双孕线形态...
检查 1小时 周期...

============================================================
🎀 双孕线形态提醒

📈 币种：BTC/USDT
⏰ 周期：1小时
📊 类型：看跌双孕线 
📅 时间：2026-02-20 02:00 ~ 2026-02-20 04:00
💰 当前价格：$67,050.00

K1 (母线): 阳线
  开盘: $66,369.42
  收盘: $67,030.49
  实体: 661.07

K2 (孕线1): 阳线
  开盘: $67,030.50
  收盘: $67,050.00
  实体: 19.50

K3 (孕线2): 阴线
  开盘: $67,050.00
  收盘: $67,050.00
  实体: 0.00

⬇️ 可能见顶回落
============================================================

[telegram] autoSelectFamily=false (default-node22)
✅ Sent via Telegram. Message ID: 2908
✓ 通知已发送
检查 4小时 周期...
检查 日线 周期...
检查关键位置...
当前价格 - BTC: $67,024.58, ETH: $1,940.67
检查完成
[2026-02-20 05:00:02 北京时间] 开始检查双孕线形态...
检查 1小时 周期...
检查 4小时 周期...
检查 日线 周期...
检查关键位置...
当前价格 - BTC: $67,128.58, ETH: $1,950.11
未发现新的双孕线形态
检查完成
[2026-02-20 06:00:02 北京时间] 开始检查双孕线形态...
检查 1小时 周期...
检查 4小时 周期...
检查 日线 周期...
检查关键位置...
当前价格 - BTC: $66,916.51, ETH: $1,948.18
未发现新的双孕线形态
检查完成
[2026-02-20 07:00:02 北京时间] 开始检查双孕线形态...
检查 1小时 周期...

============================================================
🎀 双孕线形态提醒

📈 币种：BTC/USDT
⏰ 周期：1小时
📊 类型：看涨双孕线 (前期上涨)
📅 时间：2026-02-20 05:00 ~ 2026-02-20 07:00
💰 当前价格：$66,942.00

K1 (母线): 阴线
  开盘: $67,149.11
  收盘: $66,916.51
  实体: 232.60

K2 (孕线1): 阴线
  开盘: $66,916.51
  收盘: $66,915.14
  实体: 1.37

K3 (孕线2): 阳线
  开盘: $66,915.15
  收盘: $66,942.00
  实体: 26.85

⬆️ 可能见底反转
============================================================

[telegram] autoSelectFamily=false (default-node22)
✅ Sent via Telegram. Message ID: 2914
✓ 通知已发送
检查 4小时 周期...
检查 日线 周期...
检查关键位置...
当前价格 - BTC: $66,950.08, ETH: $1,945.53
检查完成
[2026-02-20 08:00:02 北京时间] 开始检查双孕线形态...
检查 1小时 周期...
检查 4小时 周期...

============================================================
🎀 双孕线形态提醒

📈 币种：BTC/USDT
⏰ 周期：4小时
📊 类型：看跌双孕线 
📅 时间：2026-02-20 00:00 ~ 2026-02-20 08:00
💰 当前价格：$66,991.00

K1 (母线): 阳线
  开盘: $66,398.01
  收盘: $67,050.00
  实体: 651.99

K2 (孕线1): 阴线
  开盘: $67,050.00
  收盘: $67,003.73
  实体: 46.27

K3 (孕线2): 阴线
  开盘: $67,003.73
  收盘: $66,991.00
  实体: 12.73

⬇️ 可能见顶回落
============================================================

[telegram] autoSelectFamily=false (default-node22)
✅ Sent via Telegram. Message ID: 2916
✓ 通知已发送
检查 日线 周期...
检查关键位置...
当前价格 - BTC: $66,974.44, ETH: $1,948.26
检查完成
[2026-02-20 09:00:01 北京时间] 开始检查双孕线形态...
检查 1小时 周期...
检查 4小时 周期...
检查 日线 周期...
检查关键位置...
当前价格 - BTC: $67,244.83, ETH: $1,958.01
未发现新的双孕线形态
检查完成
[2026-02-20 10:00:02 北京时间] 开始检查双孕线形态...
检查 1小时 周期...

============================================================
🎀 双孕线形态提醒

📈 币种：BTC/USDT
⏰ 周期：1小时
📊 类型：看跌双孕线 
📅 时间：2026-02-20 08:00 ~ 2026-02-20 10:00
💰 当前价格：$67,287.44

K1 (母线): 阳线
  开盘: $67,003.73
  收盘: $67,228.91
  实体: 225.18

K2 (孕线1): 阳线
  开盘: $67,228.91
  收盘: $67,279.90
  实体: 50.99

K3 (孕线2): 阳线
  开盘: $67,279.91
  收盘: $67,287.44
  实体: 7.53

⬇️ 可能见顶回落
============================================================

[telegram] autoSelectFamily=false (default-node22)
✅ Sent via Telegram. Message ID: 2920
✓ 通知已发送
检查 4小时 周期...
检查 日线 周期...
检查关键位置...
当前价格 - BTC: $67,281.32, ETH: $1,953.63
检查完成
[2026-02-20 11:00:02 北京时间] 开始检查双孕线形态...
检查 1小时 周期...
检查 4小时 周期...
检查 日线 周期...
检查关键位置...
当前价格 - BTC: $67,252.00, ETH: $1,950.14
未发现新的双孕线形态
检查完成
[2026-02-20 12:00:02 北京时间] 开始检查双孕线形态...
检查 1小时 周期...
检查 4小时 周期...
检查 日线 周期...
检查关键位置...
当前价格 - BTC: $67,382.83, ETH: $1,955.51
未发现新的双孕线形态
检查完成
[2026-02-20 13:00:02 北京时间] 开始检查双孕线形态...
检查 1小时 周期...
检查 4小时 周期...
检查 日线 周期...
检查关键位置...
当前价格 - BTC: $67,267.26, ETH: $1,939.70
未发现新的双孕线形态
检查完成
[2026-02-20 14:00:02 北京时间] 开始检查双孕线形态...
检查 1小时 周期...
检查 4小时 周期...
检查 日线 周期...
检查关键位置...
当前价格 - BTC: $67,816.84, ETH: $1,956.06

============================================================
⚠️ 关键位置提醒

💰 BTC 跌破支撑位
📍 支撑位：$68,000.00
💵 当前价：$67,816.84
📊 距离：-0.27%

❌ 已跌破支撑位，注意止损
============================================================

[telegram] autoSelectFamily=false (default-node22)
✅ Sent via Telegram. Message ID: 2927
✓ 通知已发送
未发现新的双孕线形态
检查完成
[2026-02-20 15:00:02 北京时间] 开始检查双孕线形态...
检查 1小时 周期...

============================================================
🎀 双孕线形态提醒

📈 币种：BTC/USDT
⏰ 周期：1小时
📊 类型：看跌双孕线 
📅 时间：2026-02-20 13:00 ~ 2026-02-20 15:00
💰 当前价格：$67,851.67

K1 (母线): 阳线
  开盘: $67,264.83
  收盘: $67,790.10
  实体: 525.27

K2 (孕线1): 阳线
  开盘: $67,790.11
  收盘: $67,847.47
  实体: 57.36

K3 (孕线2): 阳线
  开盘: $67,847.47
  收盘: $67,851.67
  实体: 4.20

⬇️ 可能见顶回落
============================================================

[telegram] autoSelectFamily=false (default-node22)
✅ Sent via Telegram. Message ID: 2931
✓ 通知已发送
检查 4小时 周期...
检查 日线 周期...
检查关键位置...
当前价格 - BTC: $67,863.30, ETH: $1,959.03

============================================================
⚠️ 关键位置提醒

💰 BTC 跌破支撑位
📍 支撑位：$68,000.00
💵 当前价：$67,863.30
📊 距离：-0.20%

❌ 已跌破支撑位，注意止损
============================================================

[telegram] autoSelectFamily=false (default-node22)
✅ Sent via Telegram. Message ID: 2932
✓ 通知已发送
检查完成
[2026-02-20 16:00:02 北京时间] 开始检查双孕线形态...
检查 1小时 周期...
检查 4小时 周期...
检查 日线 周期...
检查关键位置...
当前价格 - BTC: $67,839.82, ETH: $1,961.11
未发现新的双孕线形态
检查完成
[2026-02-20 17:00:02 北京时间] 开始检查双孕线形态...
检查 1小时 周期...
检查 4小时 周期...
检查 日线 周期...
检查关键位置...
当前价格 - BTC: $67,879.99, ETH: $1,960.14

============================================================
⚠️ 关键位置提醒

💰 BTC 跌破支撑位
📍 支撑位：$68,000.00
💵 当前价：$67,879.99
📊 距离：-0.18%

❌ 已跌破支撑位，注意止损
============================================================

[telegram] autoSelectFamily=false (default-node22)
✅ Sent via Telegram. Message ID: 2943
✓ 通知已发送
未发现新的双孕线形态
检查完成
[2026-02-20 18:00:02 北京时间] 开始检查双孕线形态...
检查 1小时 周期...
检查 4小时 周期...
检查 日线 周期...
检查关键位置...
当前价格 - BTC: $68,205.82, ETH: $1,967.98
未发现新的双孕线形态
检查完成
[2026-02-20 19:00:02 北京时间] 开始检查双孕线形态...
检查 1小时 周期...
检查 4小时 周期...
检查 日线 周期...
检查关键位置...
当前价格 - BTC: $67,945.66, ETH: $1,956.89

============================================================
⚠️ 关键位置提醒

💰 BTC 跌破支撑位
📍 支撑位：$68,000.00
💵 当前价：$67,945.66
📊 距离：-0.08%

❌ 已跌破支撑位，注意止损
============================================================

[telegram] autoSelectFamily=false (default-node22)
✅ Sent via Telegram. Message ID: 2948
✓ 通知已发送
未发现新的双孕线形态
检查完成
[2026-02-20 20:00:02 北京时间] 开始检查双孕线形态...
检查 1小时 周期...
检查 4小时 周期...
检查 日线 周期...
检查关键位置...
当前价格 - BTC: $67,317.50, ETH: $1,944.38
未发现新的双孕线形态
检查完成
[2026-02-20 21:00:02 北京时间] 开始检查双孕线形态...
检查 1小时 周期...

============================================================
🎀 双孕线形态提醒

📈 币种：BTC/USDT
⏰ 周期：1小时
📊 类型：看涨双孕线 
📅 时间：2026-02-20 19:00 ~ 2026-02-20 21:00
💰 当前价格：$67,541.78

K1 (母线): 阴线
  开盘: $67,948.99
  收盘: $67,318.41
  实体: 630.58

K2 (孕线1): 阳线
  开盘: $67,318.41
  收盘: $67,541.77
  实体: 223.36

K3 (孕线2): 阴线
  开盘: $67,541.78
  收盘: $67,541.78
  实体: 0.00

⬆️ 可能见底反转
============================================================

[telegram] autoSelectFamily=false (default-node22)
✅ Sent via Telegram. Message ID: 2956
✓ 通知已发送
检查 4小时 周期...
检查 日线 周期...
检查关键位置...
当前价格 - BTC: $67,540.61, ETH: $1,949.34
检查完成
[2026-02-20 22:00:02 北京时间] 开始检查双孕线形态...
检查 1小时 周期...
检查 4小时 周期...
检查 日线 周期...
检查关键位置...
当前价格 - BTC: $66,778.07, ETH: $1,933.39
未发现新的双孕线形态
检查完成
[2026-02-20 23:00:02 北京时间] 开始检查双孕线形态...
检查 1小时 周期...

============================================================
🎀 双孕线形态提醒

📈 币种：BTC/USDT
⏰ 周期：1小时
📊 类型：看涨双孕线 
📅 时间：2026-02-20 21:00 ~ 2026-02-20 23:00
💰 当前价格：$67,086.10

K1 (母线): 阴线
  开盘: $67,541.78
  收盘: $66,801.62
  实体: 740.16

K2 (孕线1): 阳线
  开盘: $66,801.62
  收盘: $67,069.65
  实体: 268.03

K3 (孕线2): 阳线
  开盘: $67,069.65
  收盘: $67,086.10
  实体: 16.45

⬆️ 可能见底反转
============================================================

[telegram] autoSelectFamily=false (default-node22)
✅ Sent via Telegram. Message ID: 2960
✓ 通知已发送
检查 4小时 周期...
检查 日线 周期...
检查关键位置...
当前价格 - BTC: $67,075.41, ETH: $1,943.54
检查完成
[2026-02-21 00:00:02 北京时间] 开始检查双孕线形态...
检查 1小时 周期...
检查 4小时 周期...
检查 日线 周期...
检查关键位置...
当前价格 - BTC: $67,593.19, ETH: $1,964.73
未发现新的双孕线形态
检查完成
[2026-02-21 01:00:02 北京时间] 开始检查双孕线形态...
检查 1小时 周期...
检查 4小时 周期...
检查 日线 周期...
检查关键位置...
当前价格 - BTC: $67,778.38, ETH: $1,967.81
未发现新的双孕线形态
检查完成
[2026-02-21 02:00:01 北京时间] 开始检查双孕线形态...
检查 1小时 周期...
检查 4小时 周期...
检查 日线 周期...
检查关键位置...
当前价格 - BTC: $67,618.13, ETH: $1,966.49
未发现新的双孕线形态
检查完成
