[2026/2/15 23:45:01] 开始检查新市场...
请求: https://gamma-api.polymarket.com/markets?limit=50&active=true
获取到 50 个市场
发现 50 个新市场

分析新市场: Will Joe Biden get Coronavirus before the election?
未发现明显机会

分析新市场: What will the price of Bitcoin be on November 4th, 2020?
[telegram] autoSelectFamily=false (default-node22)
✅ Sent via Telegram. Message ID: 1893
✓ 通知已发送
✓ 已发送机会通知

分析新市场: Will Trump win the 2020 U.S. presidential election?
未发现明显机会

分析新市场: Will Drake release a new studio album before the end of 2020?
未发现明显机会

分析新市场: Which party will win Florida in the 2020 presidential election?
未发现明显机会

分析新市场: Will there be a federal charge filed against Hunter Biden before 2021?
[telegram] autoSelectFamily=false (default-node22)
✅ Sent via Telegram. Message ID: 1894
✓ 通知已发送
✓ 已发送机会通知

分析新市场: Will BTC break $15k before 2021?
[telegram] autoSelectFamily=false (default-node22)
✅ Sent via Telegram. Message ID: 1897
✓ 通知已发送
✓ 已发送机会通知

分析新市场: Will 538 outperform The Economist in forecasting the 2020 Presidential Election?
未发现明显机会

分析新市场: Which party will win Pennsylvania in the 2020 presidential election?
未发现明显机会

分析新市场: Which party will win Texas in the 2020 presidential election?
未发现明显机会

分析新市场: Which party will win North Carolina in the 2020 presidential election?
未发现明显机会

分析新市场: Which party will win Georgia in the 2020 presidential election?
未发现明显机会

分析新市场: Which party will win Arizona in the 2020 Presidential Election?
未发现明显机会

分析新市场: Will Donald Trump tweet announcing that he won the election before November 5th 2020?
未发现明显机会

分析新市场: Will the Associated Press publish a tweet calling the 2020 US presidential election before November 6?
未发现明显机会

分析新市场: Will the Ethereum 2.0 Genesis Event happen successfully on December 1st, 2020?
[telegram] autoSelectFamily=false (default-node22)
✅ Sent via Telegram. Message ID: 1898
✓ 通知已发送
✓ 已发送机会通知

分析新市场: Will $BTC break $20k before 2021?
[telegram] autoSelectFamily=false (default-node22)
✅ Sent via Telegram. Message ID: 1899
✓ 通知已发送
✓ 已发送机会通知

分析新市场: Will Donald Trump formally concede the 2020 US Election before December 1st, 2020?
未发现明显机会

分析新市场: Will Kanye West release a new studio album before 2021?
未发现明显机会

分析新市场: Will Donald Trump be inaugurated for his second term as President of the USA on Inauguration Day, January 20th, 2021?
未发现明显机会

分析新市场: Will $BTC break $20k before Thanksgiving?
[telegram] autoSelectFamily=false (default-node22)
✅ Sent via Telegram. Message ID: 1900
✓ 通知已发送
✓ 已发送机会通知

分析新市场: Which party will win the U.S. Senate special election in Georgia? (Loeffler - R vs Warnock - D)
未发现明显机会
检查完成

[2026/2/16 00:00:01] 开始检查新市场...
请求: https://gamma-api.polymarket.com/markets?limit=50&active=true
获取到 50 个市场
发现 0 个新市场
检查完成

[2026/2/16 01:00:01] 开始检查新市场...
请求: https://gamma-api.polymarket.com/markets?limit=50&active=true
获取到 50 个市场
发现 0 个新市场
检查完成

[2026/2/16 01:30:02] 开始检查新市场...
请求: https://gamma-api.polymarket.com/markets?limit=50&active=true
获取到 50 个市场
发现 0 个新市场
检查完成

[2026/2/16 02:00:01] 开始检查新市场...
请求: https://gamma-api.polymarket.com/markets?limit=50&active=true
获取到 50 个市场
发现 0 个新市场
检查完成

[2026/2/16 02:30:01] 开始检查新市场...
请求: https://gamma-api.polymarket.com/markets?limit=50&active=true
获取到 50 个市场
发现 0 个新市场
检查完成

[2026/2/16 03:00:01] 开始检查新市场...
请求: https://gamma-api.polymarket.com/markets?limit=50&active=true
获取到 50 个市场
发现 0 个新市场
检查完成

[2026/2/16 03:30:01] 开始检查新市场...
请求: https://gamma-api.polymarket.com/markets?limit=50&active=true
获取到 50 个市场
发现 0 个新市场
检查完成

[2026/2/16 04:00:01] 开始检查新市场...
请求: https://gamma-api.polymarket.com/markets?limit=50&active=true
获取到 50 个市场
发现 0 个新市场
检查完成

[2026/2/16 04:30:01] 开始检查新市场...
请求: https://gamma-api.polymarket.com/markets?limit=50&active=true
获取到 50 个市场
发现 0 个新市场
检查完成

[2026/2/16 05:00:01] 开始检查新市场...
请求: https://gamma-api.polymarket.com/markets?limit=50&active=true
获取到 50 个市场
发现 0 个新市场
检查完成

[2026/2/16 05:30:01] 开始检查新市场...
请求: https://gamma-api.polymarket.com/markets?limit=50&active=true
获取到 50 个市场
发现 0 个新市场
检查完成

[2026/2/16 06:00:01] 开始检查新市场...
请求: https://gamma-api.polymarket.com/markets?limit=50&active=true
获取到 50 个市场
发现 0 个新市场
检查完成

[2026/2/16 06:30:01] 开始检查新市场...
请求: https://gamma-api.polymarket.com/markets?limit=50&active=true
获取到 50 个市场
发现 0 个新市场
检查完成

[2026/2/16 07:00:01] 开始检查新市场...
请求: https://gamma-api.polymarket.com/markets?limit=50&active=true
获取到 50 个市场
发现 0 个新市场
检查完成

[2026/2/16 07:30:02] 开始检查新市场...
请求: https://gamma-api.polymarket.com/markets?limit=50&active=true
获取到 50 个市场
发现 0 个新市场
检查完成

[2026/2/16 08:00:01] 开始检查新市场...
请求: https://gamma-api.polymarket.com/markets?limit=50&active=true
获取到 50 个市场
发现 0 个新市场
检查完成

[2026/2/16 08:30:01] 开始检查新市场...
请求: https://gamma-api.polymarket.com/markets?limit=50&active=true
获取到 50 个市场
发现 0 个新市场
检查完成

[2026/2/16 09:00:01] 开始检查新市场...
请求: https://gamma-api.polymarket.com/markets?limit=50&active=true
获取到 50 个市场
发现 0 个新市场
检查完成

[2026/2/16 09:30:01] 开始检查新市场...
请求: https://gamma-api.polymarket.com/markets?limit=50&active=true
获取到 50 个市场
发现 0 个新市场
检查完成

[2026/2/16 10:00:02] 开始检查新市场...
请求: https://gamma-api.polymarket.com/markets?limit=50&active=true
获取到 50 个市场
发现 0 个新市场
检查完成

[2026/2/16 10:30:01] 开始检查新市场...
请求: https://gamma-api.polymarket.com/markets?limit=50&active=true
获取到 50 个市场
发现 0 个新市场
检查完成

[2026/2/16 11:00:02] 开始检查新市场...
请求: https://gamma-api.polymarket.com/markets?limit=50&active=true
获取到 50 个市场
发现 0 个新市场
检查完成

[2026/2/16 11:30:01] 开始检查新市场...
请求: https://gamma-api.polymarket.com/markets?limit=50&active=true
获取到 50 个市场
发现 0 个新市场
检查完成

[2026/2/16 12:00:01] 开始检查新市场...
请求: https://gamma-api.polymarket.com/markets?limit=50&active=true
获取到 50 个市场
发现 0 个新市场
检查完成

[2026/2/16 12:30:02] 开始检查新市场...
请求: https://gamma-api.polymarket.com/markets?limit=50&active=true
获取到 50 个市场
发现 0 个新市场
检查完成

[2026/2/16 13:00:01] 开始检查新市场...
请求: https://gamma-api.polymarket.com/markets?limit=50&active=true
获取到 50 个市场
发现 0 个新市场
检查完成

[2026/2/16 13:30:01] 开始检查新市场...
请求: https://gamma-api.polymarket.com/markets?limit=50&active=true
获取到 50 个市场
发现 0 个新市场
检查完成

[2026/2/16 14:00:01] 开始检查新市场...
请求: https://gamma-api.polymarket.com/markets?limit=50&active=true
获取到 50 个市场
发现 0 个新市场
检查完成

[2026/2/16 14:30:01] 开始检查新市场...
请求: https://gamma-api.polymarket.com/markets?limit=50&active=true
获取到 50 个市场
发现 0 个新市场
检查完成

[2026/2/16 15:00:02] 开始检查新市场...
请求: https://gamma-api.polymarket.com/markets?limit=50&active=true
获取到 50 个市场
发现 0 个新市场
检查完成

[2026/2/16 15:30:01] 开始检查新市场...
请求: https://gamma-api.polymarket.com/markets?limit=50&active=true
获取到 50 个市场
发现 0 个新市场
检查完成

[2026/2/16 16:00:01] 开始检查新市场...
请求: https://gamma-api.polymarket.com/markets?limit=50&active=true
获取到 50 个市场
发现 0 个新市场
检查完成

[2026/2/16 16:30:01] 开始检查新市场...
请求: https://gamma-api.polymarket.com/markets?limit=50&active=true
获取到 50 个市场
发现 0 个新市场
检查完成

[2026/2/16 17:00:01] 开始检查新市场...
请求: https://gamma-api.polymarket.com/markets?limit=50&active=true
获取到 50 个市场
发现 0 个新市场
检查完成

[2026/2/16 17:30:01] 开始检查新市场...
请求: https://gamma-api.polymarket.com/markets?limit=50&active=true
获取到 50 个市场
发现 0 个新市场
检查完成

[2026/2/16 18:00:01] 开始检查新市场...
请求: https://gamma-api.polymarket.com/markets?limit=50&active=true
获取到 50 个市场
发现 0 个新市场
检查完成

[2026/2/16 18:30:02] 开始检查新市场...
请求: https://gamma-api.polymarket.com/markets?limit=50&active=true
获取到 50 个市场
发现 0 个新市场
检查完成

[2026/2/16 19:00:01] 开始检查新市场...
请求: https://gamma-api.polymarket.com/markets?limit=50&active=true
获取到 50 个市场
发现 0 个新市场
检查完成

[2026/2/16 19:30:01] 开始检查新市场...
请求: https://gamma-api.polymarket.com/markets?limit=50&active=true
获取到 50 个市场
发现 0 个新市场
检查完成

[2026/2/16 20:00:02] 开始检查新市场...
请求: https://gamma-api.polymarket.com/markets?limit=50&active=true
获取到 50 个市场
发现 0 个新市场
检查完成

[2026/2/16 20:30:01] 开始检查新市场...
请求: https://gamma-api.polymarket.com/markets?limit=50&active=true
获取到 50 个市场
发现 0 个新市场
检查完成

[2026/2/16 21:00:02] 开始检查新市场...
请求: https://gamma-api.polymarket.com/markets?limit=50&active=true
获取到 50 个市场
发现 0 个新市场
检查完成

[2026/2/16 21:30:01] 开始检查新市场...
请求: https://gamma-api.polymarket.com/markets?limit=50&active=true
获取到 50 个市场
发现 0 个新市场
检查完成

[2026/2/16 22:00:01] 开始检查新市场...
请求: https://gamma-api.polymarket.com/markets?limit=50&active=true
获取到 50 个市场
发现 0 个新市场
检查完成

[2026/2/16 22:30:01] 开始检查新市场...
请求: https://gamma-api.polymarket.com/markets?limit=50&active=true
获取到 50 个市场
发现 0 个新市场
检查完成

[2026/2/16 23:00:01] 开始检查新市场...
请求: https://gamma-api.polymarket.com/markets?limit=50&active=true
获取到 50 个市场
发现 0 个新市场
检查完成

[2026/2/16 23:30:01] 开始检查新市场...
请求: https://gamma-api.polymarket.com/markets?limit=50&active=true
获取到 50 个市场
发现 0 个新市场
检查完成

[2026/2/17 00:00:01] 开始检查新市场...
请求: https://gamma-api.polymarket.com/markets?limit=50&active=true
获取到 50 个市场
发现 0 个新市场
检查完成

[2026/2/17 00:30:01] 开始检查新市场...
请求: https://gamma-api.polymarket.com/markets?limit=50&active=true
获取到 50 个市场
发现 0 个新市场
检查完成

[2026/2/17 01:00:02] 开始检查新市场...
请求: https://gamma-api.polymarket.com/markets?limit=50&active=true
获取到 50 个市场
发现 0 个新市场
检查完成

[2026/2/17 01:30:01] 开始检查新市场...
请求: https://gamma-api.polymarket.com/markets?limit=50&active=true
获取到 50 个市场
发现 0 个新市场
检查完成

[2026/2/17 02:00:01] 开始检查新市场...
请求: https://gamma-api.polymarket.com/markets?limit=50&active=true
获取到 50 个市场
发现 0 个新市场
检查完成

[2026/2/17 02:30:01] 开始检查新市场...
请求: https://gamma-api.polymarket.com/markets?limit=50&active=true
获取到 50 个市场
发现 0 个新市场
检查完成

[2026/2/17 03:00:01] 开始检查新市场...
请求: https://gamma-api.polymarket.com/markets?limit=50&active=true
获取到 50 个市场
发现 0 个新市场
检查完成

[2026/2/17 03:30:02] 开始检查新市场...
请求: https://gamma-api.polymarket.com/markets?limit=50&active=true
获取到 50 个市场
发现 0 个新市场
检查完成

[2026/2/17 04:00:01] 开始检查新市场...
请求: https://gamma-api.polymarket.com/markets?limit=50&active=true
获取到 50 个市场
发现 0 个新市场
检查完成

[2026/2/17 04:30:01] 开始检查新市场...
请求: https://gamma-api.polymarket.com/markets?limit=50&active=true
获取到 50 个市场
发现 0 个新市场
检查完成

[2026/2/17 05:00:01] 开始检查新市场...
请求: https://gamma-api.polymarket.com/markets?limit=50&active=true
获取到 50 个市场
发现 0 个新市场
检查完成

[2026/2/17 05:30:01] 开始检查新市场...
请求: https://gamma-api.polymarket.com/markets?limit=50&active=true
获取到 50 个市场
发现 0 个新市场
检查完成

[2026/2/17 06:00:01] 开始检查新市场...
请求: https://gamma-api.polymarket.com/markets?limit=50&active=true
获取到 50 个市场
发现 0 个新市场
检查完成

[2026/2/17 06:30:01] 开始检查新市场...
请求: https://gamma-api.polymarket.com/markets?limit=50&active=true
获取到 50 个市场
发现 0 个新市场
检查完成

[2026/2/17 07:00:01] 开始检查新市场...
请求: https://gamma-api.polymarket.com/markets?limit=50&active=true
获取到 50 个市场
发现 0 个新市场
检查完成

[2026/2/17 07:30:01] 开始检查新市场...
请求: https://gamma-api.polymarket.com/markets?limit=50&active=true
获取到 50 个市场
发现 0 个新市场
检查完成

[2026/2/17 08:00:01] 开始检查新市场...
请求: https://gamma-api.polymarket.com/markets?limit=50&active=true
获取到 50 个市场
发现 0 个新市场
检查完成

[2026/2/17 08:30:01] 开始检查新市场...
请求: https://gamma-api.polymarket.com/markets?limit=50&active=true
获取到 50 个市场
发现 0 个新市场
检查完成

[2026/2/17 09:00:01] 开始检查新市场...
请求: https://gamma-api.polymarket.com/markets?limit=50&active=true
获取到 50 个市场
发现 0 个新市场
检查完成

[2026/2/17 09:30:01] 开始检查新市场...
请求: https://gamma-api.polymarket.com/markets?limit=50&active=true
获取到 50 个市场
发现 0 个新市场
检查完成

[2026/2/17 10:00:01] 开始检查新市场...
请求: https://gamma-api.polymarket.com/markets?limit=50&active=true
获取到 50 个市场
发现 0 个新市场
检查完成

[2026/2/17 10:30:01] 开始检查新市场...
请求: https://gamma-api.polymarket.com/markets?limit=50&active=true
获取到 50 个市场
发现 0 个新市场
检查完成

[2026/2/17 11:00:01] 开始检查新市场...
请求: https://gamma-api.polymarket.com/markets?limit=50&active=true
获取到 50 个市场
发现 0 个新市场
检查完成

[2026/2/17 11:30:01] 开始检查新市场...
请求: https://gamma-api.polymarket.com/markets?limit=50&active=true
获取到 50 个市场
发现 0 个新市场
检查完成

[2026/2/17 12:00:01] 开始检查新市场...
请求: https://gamma-api.polymarket.com/markets?limit=50&active=true
获取到 50 个市场
发现 0 个新市场
检查完成

[2026/2/17 12:30:01] 开始检查新市场...
请求: https://gamma-api.polymarket.com/markets?limit=50&active=true
获取到 50 个市场
发现 0 个新市场
检查完成

[2026/2/17 13:00:02] 开始检查新市场...
请求: https://gamma-api.polymarket.com/markets?limit=50&active=true
获取到 50 个市场
发现 0 个新市场
检查完成

[2026/2/17 13:30:01] 开始检查新市场...
请求: https://gamma-api.polymarket.com/markets?limit=50&active=true
获取到 50 个市场
发现 0 个新市场
检查完成

[2026/2/17 14:00:02] 开始检查新市场...
请求: https://gamma-api.polymarket.com/markets?limit=50&active=true
获取到 50 个市场
发现 0 个新市场
检查完成

[2026/2/17 14:30:01] 开始检查新市场...
请求: https://gamma-api.polymarket.com/markets?limit=50&active=true
获取到 50 个市场
发现 0 个新市场
检查完成

[2026/2/17 15:00:02] 开始检查新市场...
请求: https://gamma-api.polymarket.com/markets?limit=50&active=true
获取到 50 个市场
发现 0 个新市场
检查完成

[2026/2/17 15:30:02] 开始检查新市场...
请求: https://gamma-api.polymarket.com/markets?limit=50&active=true
获取到 50 个市场
发现 0 个新市场
检查完成

[2026/2/17 16:00:01] 开始检查新市场...
请求: https://gamma-api.polymarket.com/markets?limit=50&active=true
获取到 50 个市场
发现 0 个新市场
检查完成

[2026/2/17 16:30:01] 开始检查新市场...
请求: https://gamma-api.polymarket.com/markets?limit=50&active=true
获取到 50 个市场
发现 0 个新市场
检查完成

[2026/2/17 17:00:02] 开始检查新市场...
请求: https://gamma-api.polymarket.com/markets?limit=50&active=true
获取到 50 个市场
发现 0 个新市场
检查完成

[2026/2/17 17:30:01] 开始检查新市场...
请求: https://gamma-api.polymarket.com/markets?limit=50&active=true
获取到 50 个市场
发现 0 个新市场
检查完成

[2026/2/17 18:00:01] 开始检查新市场...
请求: https://gamma-api.polymarket.com/markets?limit=50&active=true
获取到 50 个市场
发现 0 个新市场
检查完成

[2026/2/17 18:30:01] 开始检查新市场...
请求: https://gamma-api.polymarket.com/markets?limit=50&active=true
获取到 50 个市场
发现 0 个新市场
检查完成

[2026/2/17 19:00:02] 开始检查新市场...
请求: https://gamma-api.polymarket.com/markets?limit=50&active=true
获取到 50 个市场
发现 0 个新市场
检查完成

[2026/2/17 19:30:01] 开始检查新市场...
请求: https://gamma-api.polymarket.com/markets?limit=50&active=true
获取到 50 个市场
发现 0 个新市场
检查完成

[2026/2/17 20:00:01] 开始检查新市场...
请求: https://gamma-api.polymarket.com/markets?limit=50&active=true
获取到 50 个市场
发现 0 个新市场
检查完成

[2026/2/17 20:30:01] 开始检查新市场...
请求: https://gamma-api.polymarket.com/markets?limit=50&active=true
获取到 50 个市场
发现 0 个新市场
检查完成

[2026/2/17 21:00:01] 开始检查新市场...
请求: https://gamma-api.polymarket.com/markets?limit=50&active=true
获取到 50 个市场
发现 0 个新市场
检查完成

[2026/2/17 21:30:01] 开始检查新市场...
请求: https://gamma-api.polymarket.com/markets?limit=50&active=true
获取到 50 个市场
发现 0 个新市场
检查完成

[2026/2/17 22:00:01] 开始检查新市场...
请求: https://gamma-api.polymarket.com/markets?limit=50&active=true
获取到 50 个市场
发现 0 个新市场
检查完成

[2026/2/17 22:30:01] 开始检查新市场...
请求: https://gamma-api.polymarket.com/markets?limit=50&active=true
获取到 50 个市场
发现 0 个新市场
检查完成

[2026/2/17 23:00:02] 开始检查新市场...
请求: https://gamma-api.polymarket.com/markets?limit=50&active=true
获取到 50 个市场
发现 0 个新市场
检查完成

[2026/2/17 23:30:01] 开始检查新市场...
请求: https://gamma-api.polymarket.com/markets?limit=50&active=true
获取到 50 个市场
发现 0 个新市场
检查完成

[2026/2/18 00:00:01] 开始检查新市场...
请求: https://gamma-api.polymarket.com/markets?limit=50&active=true
获取到 50 个市场
发现 0 个新市场
检查完成

[2026/2/18 00:30:02] 开始检查新市场...
请求: https://gamma-api.polymarket.com/markets?limit=50&active=true
获取到 50 个市场
发现 0 个新市场
检查完成

[2026/2/18 01:00:01] 开始检查新市场...
请求: https://gamma-api.polymarket.com/markets?limit=50&active=true
获取到 50 个市场
发现 0 个新市场
检查完成

[2026/2/18 01:30:02] 开始检查新市场...
请求: https://gamma-api.polymarket.com/markets?limit=50&active=true
获取到 50 个市场
发现 0 个新市场
检查完成

[2026/2/18 02:00:02] 开始检查新市场...
请求: https://gamma-api.polymarket.com/markets?limit=50&active=true
获取到 50 个市场
发现 0 个新市场
检查完成

[2026/2/18 02:30:02] 开始检查新市场...
请求: https://gamma-api.polymarket.com/markets?limit=50&active=true
获取到 50 个市场
发现 0 个新市场
检查完成

[2026/2/18 03:00:01] 开始检查新市场...
请求: https://gamma-api.polymarket.com/markets?limit=50&active=true
获取到 50 个市场
发现 0 个新市场
检查完成

[2026/2/18 03:30:01] 开始检查新市场...
请求: https://gamma-api.polymarket.com/markets?limit=50&active=true
获取到 50 个市场
发现 0 个新市场
检查完成

[2026/2/18 04:00:02] 开始检查新市场...
请求: https://gamma-api.polymarket.com/markets?limit=50&active=true
获取到 50 个市场
发现 0 个新市场
检查完成

[2026/2/18 04:30:01] 开始检查新市场...
请求: https://gamma-api.polymarket.com/markets?limit=50&active=true
获取到 50 个市场
发现 0 个新市场
检查完成

[2026/2/18 05:00:01] 开始检查新市场...
请求: https://gamma-api.polymarket.com/markets?limit=50&active=true
获取到 50 个市场
发现 0 个新市场
检查完成

[2026/2/18 05:30:01] 开始检查新市场...
请求: https://gamma-api.polymarket.com/markets?limit=50&active=true
获取到 50 个市场
发现 0 个新市场
检查完成

[2026/2/18 06:00:02] 开始检查新市场...
请求: https://gamma-api.polymarket.com/markets?limit=50&active=true
获取到 50 个市场
发现 0 个新市场
检查完成

[2026/2/18 06:30:01] 开始检查新市场...
请求: https://gamma-api.polymarket.com/markets?limit=50&active=true
获取到 50 个市场
发现 0 个新市场
检查完成

[2026/2/18 07:00:01] 开始检查新市场...
请求: https://gamma-api.polymarket.com/markets?limit=50&active=true
获取到 50 个市场
发现 0 个新市场
检查完成

[2026/2/18 07:30:02] 开始检查新市场...
请求: https://gamma-api.polymarket.com/markets?limit=50&active=true
获取到 50 个市场
发现 0 个新市场
检查完成

[2026/2/18 08:00:01] 开始检查新市场...
请求: https://gamma-api.polymarket.com/markets?limit=50&active=true
获取到 50 个市场
发现 0 个新市场
检查完成

[2026/2/18 08:30:01] 开始检查新市场...
请求: https://gamma-api.polymarket.com/markets?limit=50&active=true
获取到 50 个市场
发现 0 个新市场
检查完成

[2026/2/18 09:00:01] 开始检查新市场...
请求: https://gamma-api.polymarket.com/markets?limit=50&active=true
获取到 50 个市场
发现 0 个新市场
检查完成

[2026/2/18 09:30:02] 开始检查新市场...
请求: https://gamma-api.polymarket.com/markets?limit=50&active=true
获取到 50 个市场
发现 0 个新市场
检查完成

[2026/2/18 10:00:02] 开始检查新市场...
请求: https://gamma-api.polymarket.com/markets?limit=50&active=true
获取到 50 个市场
发现 0 个新市场
检查完成

[2026/2/18 10:30:02] 开始检查新市场...
请求: https://gamma-api.polymarket.com/markets?limit=50&active=true
获取到 50 个市场
发现 0 个新市场
检查完成

[2026/2/18 11:00:01] 开始检查新市场...
请求: https://gamma-api.polymarket.com/markets?limit=50&active=true
获取到 50 个市场
发现 0 个新市场
检查完成

[2026/2/18 11:30:01] 开始检查新市场...
请求: https://gamma-api.polymarket.com/markets?limit=50&active=true
获取到 50 个市场
发现 0 个新市场
检查完成

[2026/2/18 12:00:01] 开始检查新市场...
请求: https://gamma-api.polymarket.com/markets?limit=50&active=true
获取到 50 个市场
发现 0 个新市场
检查完成

[2026/2/18 12:30:01] 开始检查新市场...
请求: https://gamma-api.polymarket.com/markets?limit=50&active=true
获取到 50 个市场
发现 0 个新市场
检查完成

[2026/2/18 13:00:01] 开始检查新市场...
请求: https://gamma-api.polymarket.com/markets?limit=50&active=true
获取到 50 个市场
发现 0 个新市场
检查完成

[2026/2/18 13:30:01] 开始检查新市场...
请求: https://gamma-api.polymarket.com/markets?limit=50&active=true
获取到 50 个市场
发现 0 个新市场
检查完成

[2026/2/18 14:00:01] 开始检查新市场...
请求: https://gamma-api.polymarket.com/markets?limit=50&active=true
获取到 50 个市场
发现 0 个新市场
检查完成

[2026/2/18 14:30:01] 开始检查新市场...
请求: https://gamma-api.polymarket.com/markets?limit=50&active=true
获取到 50 个市场
发现 0 个新市场
检查完成

[2026/2/18 15:00:01] 开始检查新市场...
请求: https://gamma-api.polymarket.com/markets?limit=50&active=true
获取到 50 个市场
发现 0 个新市场
检查完成

[2026/2/18 15:30:01] 开始检查新市场...
请求: https://gamma-api.polymarket.com/markets?limit=50&active=true
获取到 50 个市场
发现 0 个新市场
检查完成

[2026/2/18 16:00:01] 开始检查新市场...
请求: https://gamma-api.polymarket.com/markets?limit=50&active=true
获取到 50 个市场
发现 0 个新市场
检查完成

[2026/2/18 16:30:01] 开始检查新市场...
请求: https://gamma-api.polymarket.com/markets?limit=50&active=true
获取到 50 个市场
发现 0 个新市场
检查完成

[2026/2/18 17:00:01] 开始检查新市场...
请求: https://gamma-api.polymarket.com/markets?limit=50&active=true
获取到 50 个市场
发现 0 个新市场
检查完成

[2026/2/18 17:30:01] 开始检查新市场...
请求: https://gamma-api.polymarket.com/markets?limit=50&active=true
获取到 50 个市场
发现 0 个新市场
检查完成

[2026/2/18 18:00:01] 开始检查新市场...
请求: https://gamma-api.polymarket.com/markets?limit=50&active=true
获取到 50 个市场
发现 0 个新市场
检查完成

[2026/2/18 18:30:02] 开始检查新市场...
请求: https://gamma-api.polymarket.com/markets?limit=50&active=true
获取到 50 个市场
发现 0 个新市场
检查完成

[2026/2/18 19:00:01] 开始检查新市场...
请求: https://gamma-api.polymarket.com/markets?limit=50&active=true
获取到 50 个市场
发现 0 个新市场
检查完成

[2026/2/18 19:30:01] 开始检查新市场...
请求: https://gamma-api.polymarket.com/markets?limit=50&active=true
获取到 50 个市场
发现 0 个新市场
检查完成

[2026/2/18 20:00:01] 开始检查新市场...
请求: https://gamma-api.polymarket.com/markets?limit=50&active=true
获取到 50 个市场
发现 0 个新市场
检查完成

[2026/2/18 20:30:01] 开始检查新市场...
请求: https://gamma-api.polymarket.com/markets?limit=50&active=true
获取到 50 个市场
发现 0 个新市场
检查完成

[2026/2/18 21:00:02] 开始检查新市场...
请求: https://gamma-api.polymarket.com/markets?limit=50&active=true
获取到 50 个市场
发现 0 个新市场
检查完成

[2026/2/18 21:30:01] 开始检查新市场...
请求: https://gamma-api.polymarket.com/markets?limit=50&active=true
获取到 50 个市场
发现 0 个新市场
检查完成

[2026/2/18 22:00:02] 开始检查新市场...
请求: https://gamma-api.polymarket.com/markets?limit=50&active=true
获取到 50 个市场
发现 0 个新市场
检查完成

[2026/2/18 22:30:01] 开始检查新市场...
请求: https://gamma-api.polymarket.com/markets?limit=50&active=true
获取到 50 个市场
发现 0 个新市场
检查完成

[2026/2/18 23:00:01] 开始检查新市场...
请求: https://gamma-api.polymarket.com/markets?limit=50&active=true
获取到 50 个市场
发现 0 个新市场
检查完成

[2026/2/18 23:30:01] 开始检查新市场...
请求: https://gamma-api.polymarket.com/markets?limit=50&active=true
获取到 50 个市场
发现 0 个新市场
检查完成

[2026/2/19 00:00:01] 开始检查新市场...
请求: https://gamma-api.polymarket.com/markets?limit=50&active=true
获取到 50 个市场
发现 0 个新市场
检查完成

[2026/2/19 00:30:01] 开始检查新市场...
请求: https://gamma-api.polymarket.com/markets?limit=50&active=true
获取到 50 个市场
发现 0 个新市场
检查完成

[2026/2/19 01:00:01] 开始检查新市场...
请求: https://gamma-api.polymarket.com/markets?limit=50&active=true
获取到 50 个市场
发现 0 个新市场
检查完成

[2026/2/19 01:30:01] 开始检查新市场...
请求: https://gamma-api.polymarket.com/markets?limit=50&active=true
获取到 50 个市场
发现 0 个新市场
检查完成

[2026/2/19 02:00:01] 开始检查新市场...
请求: https://gamma-api.polymarket.com/markets?limit=50&active=true
获取到 50 个市场
发现 0 个新市场
检查完成

[2026/2/19 02:30:01] 开始检查新市场...
请求: https://gamma-api.polymarket.com/markets?limit=50&active=true
获取到 50 个市场
发现 0 个新市场
检查完成

[2026/2/19 03:00:02] 开始检查新市场...
请求: https://gamma-api.polymarket.com/markets?limit=50&active=true
获取到 50 个市场
发现 0 个新市场
检查完成

[2026/2/19 03:30:02] 开始检查新市场...
请求: https://gamma-api.polymarket.com/markets?limit=50&active=true
获取到 50 个市场
发现 0 个新市场
检查完成

[2026/2/19 04:00:02] 开始检查新市场...
请求: https://gamma-api.polymarket.com/markets?limit=50&active=true
获取到 50 个市场
发现 0 个新市场
检查完成

[2026/2/19 04:30:01] 开始检查新市场...
请求: https://gamma-api.polymarket.com/markets?limit=50&active=true
获取到 50 个市场
发现 0 个新市场
检查完成

[2026/2/19 05:00:01] 开始检查新市场...
请求: https://gamma-api.polymarket.com/markets?limit=50&active=true
获取到 50 个市场
发现 0 个新市场
检查完成

[2026/2/19 05:30:01] 开始检查新市场...
请求: https://gamma-api.polymarket.com/markets?limit=50&active=true
获取到 50 个市场
发现 0 个新市场
检查完成

[2026/2/19 06:00:01] 开始检查新市场...
请求: https://gamma-api.polymarket.com/markets?limit=50&active=true
获取到 50 个市场
发现 0 个新市场
检查完成

[2026/2/19 06:30:01] 开始检查新市场...
请求: https://gamma-api.polymarket.com/markets?limit=50&active=true
获取到 50 个市场
发现 0 个新市场
检查完成

[2026/2/19 07:00:01] 开始检查新市场...
请求: https://gamma-api.polymarket.com/markets?limit=50&active=true
获取到 50 个市场
发现 0 个新市场
检查完成

[2026/2/19 07:30:01] 开始检查新市场...
请求: https://gamma-api.polymarket.com/markets?limit=50&active=true
获取到 50 个市场
发现 0 个新市场
检查完成

[2026/2/19 08:00:01] 开始检查新市场...
请求: https://gamma-api.polymarket.com/markets?limit=50&active=true
获取到 50 个市场
发现 0 个新市场
检查完成

[2026/2/19 08:30:02] 开始检查新市场...
请求: https://gamma-api.polymarket.com/markets?limit=50&active=true
获取到 50 个市场
发现 0 个新市场
检查完成

[2026/2/19 09:00:01] 开始检查新市场...
请求: https://gamma-api.polymarket.com/markets?limit=50&active=true
获取到 50 个市场
发现 0 个新市场
检查完成

[2026/2/19 09:30:01] 开始检查新市场...
请求: https://gamma-api.polymarket.com/markets?limit=50&active=true
获取到 50 个市场
发现 0 个新市场
检查完成

[2026/2/19 10:00:01] 开始检查新市场...
请求: https://gamma-api.polymarket.com/markets?limit=50&active=true
获取到 50 个市场
发现 0 个新市场
检查完成

[2026/2/19 10:30:01] 开始检查新市场...
请求: https://gamma-api.polymarket.com/markets?limit=50&active=true
获取到 50 个市场
发现 0 个新市场
检查完成

[2026/2/19 11:00:02] 开始检查新市场...
请求: https://gamma-api.polymarket.com/markets?limit=50&active=true
获取到 50 个市场
发现 0 个新市场
检查完成

[2026/2/19 11:30:01] 开始检查新市场...
请求: https://gamma-api.polymarket.com/markets?limit=50&active=true
获取到 50 个市场
发现 0 个新市场
检查完成

[2026/2/19 12:00:02] 开始检查新市场...
请求: https://gamma-api.polymarket.com/markets?limit=50&active=true
获取到 50 个市场
发现 0 个新市场
检查完成

[2026/2/19 12:30:02] 开始检查新市场...
请求: https://gamma-api.polymarket.com/markets?limit=50&active=true
获取到 50 个市场
发现 0 个新市场
检查完成

[2026/2/19 13:00:02] 开始检查新市场...
请求: https://gamma-api.polymarket.com/markets?limit=50&active=true
获取到 50 个市场
发现 0 个新市场
检查完成

[2026/2/19 13:30:02] 开始检查新市场...
请求: https://gamma-api.polymarket.com/markets?limit=50&active=true
获取到 50 个市场
发现 0 个新市场
检查完成

[2026/2/19 14:00:01] 开始检查新市场...
请求: https://gamma-api.polymarket.com/markets?limit=50&active=true
获取到 50 个市场
发现 0 个新市场
检查完成

[2026/2/19 14:30:01] 开始检查新市场...
请求: https://gamma-api.polymarket.com/markets?limit=50&active=true
获取到 50 个市场
发现 0 个新市场
检查完成

[2026/2/19 15:00:02] 开始检查新市场...
请求: https://gamma-api.polymarket.com/markets?limit=50&active=true
获取到 50 个市场
发现 0 个新市场
检查完成

[2026/2/19 15:30:01] 开始检查新市场...
请求: https://gamma-api.polymarket.com/markets?limit=50&active=true
获取到 50 个市场
发现 0 个新市场
检查完成

[2026/2/19 16:00:01] 开始检查新市场...
请求: https://gamma-api.polymarket.com/markets?limit=50&active=true
获取到 50 个市场
发现 0 个新市场
检查完成

[2026/2/19 16:30:01] 开始检查新市场...
请求: https://gamma-api.polymarket.com/markets?limit=50&active=true
获取到 50 个市场
发现 0 个新市场
检查完成

[2026/2/19 17:00:02] 开始检查新市场...
请求: https://gamma-api.polymarket.com/markets?limit=50&active=true
获取到 50 个市场
发现 0 个新市场
检查完成

[2026/2/19 17:30:02] 开始检查新市场...
请求: https://gamma-api.polymarket.com/markets?limit=50&active=true
获取到 50 个市场
发现 0 个新市场
检查完成

[2026/2/19 18:00:02] 开始检查新市场...
请求: https://gamma-api.polymarket.com/markets?limit=50&active=true
获取到 50 个市场
发现 0 个新市场
检查完成

[2026/2/19 18:30:01] 开始检查新市场...
请求: https://gamma-api.polymarket.com/markets?limit=50&active=true
获取到 50 个市场
发现 0 个新市场
检查完成

[2026/2/19 19:00:02] 开始检查新市场...
请求: https://gamma-api.polymarket.com/markets?limit=50&active=true
获取到 50 个市场
发现 0 个新市场
检查完成

[2026/2/19 19:30:01] 开始检查新市场...
请求: https://gamma-api.polymarket.com/markets?limit=50&active=true
获取到 50 个市场
发现 0 个新市场
检查完成

[2026/2/19 20:00:01] 开始检查新市场...
请求: https://gamma-api.polymarket.com/markets?limit=50&active=true
获取到 50 个市场
发现 0 个新市场
检查完成

[2026/2/19 20:30:02] 开始检查新市场...
请求: https://gamma-api.polymarket.com/markets?limit=50&active=true
获取到 50 个市场
发现 0 个新市场
检查完成

[2026/2/19 21:00:01] 开始检查新市场...
请求: https://gamma-api.polymarket.com/markets?limit=50&active=true
获取到 50 个市场
发现 0 个新市场
检查完成

[2026/2/19 21:30:01] 开始检查新市场...
请求: https://gamma-api.polymarket.com/markets?limit=50&active=true
获取到 50 个市场
发现 0 个新市场
检查完成

[2026/2/19 22:00:02] 开始检查新市场...
请求: https://gamma-api.polymarket.com/markets?limit=50&active=true
获取到 50 个市场
发现 0 个新市场
检查完成

[2026/2/19 22:30:01] 开始检查新市场...
请求: https://gamma-api.polymarket.com/markets?limit=50&active=true
获取到 50 个市场
发现 0 个新市场
检查完成

[2026/2/19 23:00:01] 开始检查新市场...
请求: https://gamma-api.polymarket.com/markets?limit=50&active=true
获取到 50 个市场
发现 0 个新市场
检查完成

[2026/2/19 23:30:01] 开始检查新市场...
请求: https://gamma-api.polymarket.com/markets?limit=50&active=true
获取到 50 个市场
发现 0 个新市场
检查完成

[2026/2/20 00:00:02] 开始检查新市场...
请求: https://gamma-api.polymarket.com/markets?limit=50&active=true
获取到 50 个市场
发现 0 个新市场
检查完成

[2026/2/20 00:30:01] 开始检查新市场...
请求: https://gamma-api.polymarket.com/markets?limit=50&active=true
获取到 50 个市场
发现 0 个新市场
检查完成

[2026/2/20 01:00:01] 开始检查新市场...
请求: https://gamma-api.polymarket.com/markets?limit=50&active=true
获取到 50 个市场
发现 0 个新市场
检查完成

[2026/2/20 01:30:01] 开始检查新市场...
请求: https://gamma-api.polymarket.com/markets?limit=50&active=true
获取到 50 个市场
发现 0 个新市场
检查完成

[2026/2/20 02:00:01] 开始检查新市场...
请求: https://gamma-api.polymarket.com/markets?limit=50&active=true
获取到 50 个市场
发现 0 个新市场
检查完成

[2026/2/20 02:30:01] 开始检查新市场...
请求: https://gamma-api.polymarket.com/markets?limit=50&active=true
获取到 50 个市场
发现 0 个新市场
检查完成

[2026/2/20 03:00:01] 开始检查新市场...
请求: https://gamma-api.polymarket.com/markets?limit=50&active=true
获取到 50 个市场
发现 0 个新市场
检查完成

[2026/2/20 03:30:01] 开始检查新市场...
请求: https://gamma-api.polymarket.com/markets?limit=50&active=true
获取到 50 个市场
发现 0 个新市场
检查完成

[2026/2/20 04:00:01] 开始检查新市场...
请求: https://gamma-api.polymarket.com/markets?limit=50&active=true
获取到 50 个市场
发现 0 个新市场
检查完成

[2026/2/20 04:30:01] 开始检查新市场...
请求: https://gamma-api.polymarket.com/markets?limit=50&active=true
获取到 50 个市场
发现 0 个新市场
检查完成

[2026/2/20 05:00:02] 开始检查新市场...
请求: https://gamma-api.polymarket.com/markets?limit=50&active=true
获取到 50 个市场
发现 0 个新市场
检查完成

[2026/2/20 05:30:01] 开始检查新市场...
请求: https://gamma-api.polymarket.com/markets?limit=50&active=true
获取到 50 个市场
发现 0 个新市场
检查完成

[2026/2/20 06:00:02] 开始检查新市场...
请求: https://gamma-api.polymarket.com/markets?limit=50&active=true
获取到 50 个市场
发现 0 个新市场
检查完成

[2026/2/20 06:30:01] 开始检查新市场...
请求: https://gamma-api.polymarket.com/markets?limit=50&active=true
获取到 50 个市场
发现 0 个新市场
检查完成

[2026/2/20 07:00:01] 开始检查新市场...
请求: https://gamma-api.polymarket.com/markets?limit=50&active=true
获取到 50 个市场
发现 0 个新市场
检查完成

[2026/2/20 07:30:01] 开始检查新市场...
请求: https://gamma-api.polymarket.com/markets?limit=50&active=true
获取到 50 个市场
发现 0 个新市场
检查完成

[2026/2/20 08:00:02] 开始检查新市场...
请求: https://gamma-api.polymarket.com/markets?limit=50&active=true
获取到 50 个市场
发现 0 个新市场
检查完成

[2026/2/20 08:30:01] 开始检查新市场...
请求: https://gamma-api.polymarket.com/markets?limit=50&active=true
获取到 50 个市场
发现 0 个新市场
检查完成

[2026/2/20 09:00:01] 开始检查新市场...
请求: https://gamma-api.polymarket.com/markets?limit=50&active=true
获取到 50 个市场
发现 0 个新市场
检查完成

[2026/2/20 09:30:01] 开始检查新市场...
请求: https://gamma-api.polymarket.com/markets?limit=50&active=true
获取到 50 个市场
发现 0 个新市场
检查完成

[2026/2/20 10:00:01] 开始检查新市场...
请求: https://gamma-api.polymarket.com/markets?limit=50&active=true
获取到 50 个市场
发现 0 个新市场
检查完成

[2026/2/20 10:30:02] 开始检查新市场...
请求: https://gamma-api.polymarket.com/markets?limit=50&active=true
获取到 50 个市场
发现 0 个新市场
检查完成

[2026/2/20 11:00:01] 开始检查新市场...
请求: https://gamma-api.polymarket.com/markets?limit=50&active=true
获取到 50 个市场
发现 0 个新市场
检查完成

[2026/2/20 11:30:02] 开始检查新市场...
请求: https://gamma-api.polymarket.com/markets?limit=50&active=true
获取到 50 个市场
发现 0 个新市场
检查完成

[2026/2/20 12:00:02] 开始检查新市场...
请求: https://gamma-api.polymarket.com/markets?limit=50&active=true
获取到 50 个市场
发现 0 个新市场
检查完成

[2026/2/20 12:30:01] 开始检查新市场...
请求: https://gamma-api.polymarket.com/markets?limit=50&active=true
获取到 50 个市场
发现 0 个新市场
检查完成

[2026/2/20 13:00:01] 开始检查新市场...
请求: https://gamma-api.polymarket.com/markets?limit=50&active=true
获取到 50 个市场
发现 0 个新市场
检查完成

[2026/2/20 13:30:01] 开始检查新市场...
请求: https://gamma-api.polymarket.com/markets?limit=50&active=true
获取到 50 个市场
发现 0 个新市场
检查完成

[2026/2/20 14:00:02] 开始检查新市场...
请求: https://gamma-api.polymarket.com/markets?limit=50&active=true
获取到 50 个市场
发现 0 个新市场
检查完成

[2026/2/20 14:30:01] 开始检查新市场...
请求: https://gamma-api.polymarket.com/markets?limit=50&active=true
获取到 50 个市场
发现 0 个新市场
检查完成

[2026/2/20 15:00:01] 开始检查新市场...
请求: https://gamma-api.polymarket.com/markets?limit=50&active=true
获取到 50 个市场
发现 0 个新市场
检查完成

[2026/2/20 15:30:01] 开始检查新市场...
请求: https://gamma-api.polymarket.com/markets?limit=50&active=true
获取到 50 个市场
发现 0 个新市场
检查完成

[2026/2/20 16:00:01] 开始检查新市场...
请求: https://gamma-api.polymarket.com/markets?limit=50&active=true
获取到 50 个市场
发现 0 个新市场
检查完成

[2026/2/20 16:30:01] 开始检查新市场...
请求: https://gamma-api.polymarket.com/markets?limit=50&active=true
获取到 50 个市场
发现 0 个新市场
检查完成

[2026/2/20 17:00:01] 开始检查新市场...
请求: https://gamma-api.polymarket.com/markets?limit=50&active=true
获取到 50 个市场
发现 0 个新市场
检查完成

[2026/2/20 17:30:01] 开始检查新市场...
请求: https://gamma-api.polymarket.com/markets?limit=50&active=true
获取到 50 个市场
发现 0 个新市场
检查完成

[2026/2/20 18:00:02] 开始检查新市场...
请求: https://gamma-api.polymarket.com/markets?limit=50&active=true
获取到 50 个市场
发现 0 个新市场
检查完成

[2026/2/20 18:30:01] 开始检查新市场...
请求: https://gamma-api.polymarket.com/markets?limit=50&active=true
获取到 50 个市场
发现 0 个新市场
检查完成

[2026/2/20 19:00:02] 开始检查新市场...
请求: https://gamma-api.polymarket.com/markets?limit=50&active=true
获取到 50 个市场
发现 0 个新市场
检查完成

[2026/2/20 19:30:02] 开始检查新市场...
请求: https://gamma-api.polymarket.com/markets?limit=50&active=true
获取到 50 个市场
发现 0 个新市场
检查完成

[2026/2/20 20:00:01] 开始检查新市场...
请求: https://gamma-api.polymarket.com/markets?limit=50&active=true
获取到 50 个市场
发现 0 个新市场
检查完成

[2026/2/20 20:30:01] 开始检查新市场...
请求: https://gamma-api.polymarket.com/markets?limit=50&active=true
获取到 50 个市场
发现 0 个新市场
检查完成

[2026/2/20 21:00:01] 开始检查新市场...
请求: https://gamma-api.polymarket.com/markets?limit=50&active=true
获取到 50 个市场
发现 0 个新市场
检查完成

[2026/2/20 21:30:01] 开始检查新市场...
请求: https://gamma-api.polymarket.com/markets?limit=50&active=true
获取到 50 个市场
发现 0 个新市场
检查完成

[2026/2/20 22:00:02] 开始检查新市场...
请求: https://gamma-api.polymarket.com/markets?limit=50&active=true
获取到 50 个市场
发现 0 个新市场
检查完成

[2026/2/20 22:30:01] 开始检查新市场...
请求: https://gamma-api.polymarket.com/markets?limit=50&active=true
获取到 50 个市场
发现 0 个新市场
检查完成

[2026/2/20 23:00:02] 开始检查新市场...
请求: https://gamma-api.polymarket.com/markets?limit=50&active=true
获取到 50 个市场
发现 0 个新市场
检查完成

[2026/2/20 23:30:01] 开始检查新市场...
请求: https://gamma-api.polymarket.com/markets?limit=50&active=true
获取到 50 个市场
发现 0 个新市场
检查完成

[2026/2/21 00:00:01] 开始检查新市场...
请求: https://gamma-api.polymarket.com/markets?limit=50&active=true
获取到 50 个市场
发现 0 个新市场
检查完成

[2026/2/21 00:30:01] 开始检查新市场...
请求: https://gamma-api.polymarket.com/markets?limit=50&active=true
获取到 50 个市场
发现 0 个新市场
检查完成

[2026/2/21 01:00:01] 开始检查新市场...
请求: https://gamma-api.polymarket.com/markets?limit=50&active=true
获取到 50 个市场
发现 0 个新市场
检查完成

[2026/2/21 01:30:01] 开始检查新市场...
请求: https://gamma-api.polymarket.com/markets?limit=50&active=true
获取到 50 个市场
发现 0 个新市场
检查完成

[2026/2/21 02:00:01] 开始检查新市场...
请求: https://gamma-api.polymarket.com/markets?limit=50&active=true
获取到 50 个市场
发现 0 个新市场
检查完成

[2026/2/21 02:30:02] 开始检查新市场...
请求: https://gamma-api.polymarket.com/markets?limit=50&active=true
获取到 50 个市场
发现 0 个新市场
检查完成

[2026/2/21 03:00:02] 开始检查新市场...
请求: https://gamma-api.polymarket.com/markets?limit=50&active=true
获取到 50 个市场
发现 0 个新市场
检查完成

[2026/2/21 03:30:02] 开始检查新市场...
请求: https://gamma-api.polymarket.com/markets?limit=50&active=true
获取到 50 个市场
发现 0 个新市场
检查完成

[2026/2/21 04:00:01] 开始检查新市场...
请求: https://gamma-api.polymarket.com/markets?limit=50&active=true
获取到 50 个市场
发现 0 个新市场
检查完成

