[2026/2/16 21:00:02] 开始生成每日推荐...
获取市场数据...
获取到 100 个市场
筛选高概率市场...
找到 1 个高概率市场
筛选临期机会...
找到 3 个临期机会
发送推荐...
[telegram] autoSelectFamily=false (default-node22)
✅ Sent via Telegram. Message ID: 2140
✓ 推荐已发送
完成
[2026/2/16 22:00:01] 开始生成每日推荐...
获取市场数据...
获取到 100 个市场
筛选高概率市场...
找到 1 个高概率市场
筛选临期机会...
找到 3 个临期机会
发送推荐...
[telegram] autoSelectFamily=false (default-node22)
✅ Sent via Telegram. Message ID: 2142
✓ 推荐已发送
完成
[2026/2/16 23:00:01] 开始生成每日推荐...
获取市场数据...
获取到 100 个市场
筛选高概率市场...
找到 1 个高概率市场
筛选临期机会...
找到 3 个临期机会
发送推荐...
[telegram] autoSelectFamily=false (default-node22)
✅ Sent via Telegram. Message ID: 2147
✓ 推荐已发送
完成
[2026/2/17 00:00:01] 开始生成每日推荐...
获取市场数据...
获取到 100 个市场
筛选高概率市场...
找到 1 个高概率市场
筛选临期机会...
找到 3 个临期机会
发送推荐...
[telegram] autoSelectFamily=false (default-node22)
✅ Sent via Telegram. Message ID: 2149
✓ 推荐已发送
完成
[2026/2/17 01:00:02] 开始生成每日推荐...
获取市场数据...
获取到 100 个市场
筛选高概率市场...
找到 1 个高概率市场
筛选临期机会...
找到 3 个临期机会
发送推荐...
[telegram] autoSelectFamily=false (default-node22)
✅ Sent via Telegram. Message ID: 2158
✓ 推荐已发送
完成
[2026/2/17 02:00:01] 开始生成每日推荐...
获取市场数据...
获取到 100 个市场
筛选高概率市场...
找到 1 个高概率市场
筛选临期机会...
找到 3 个临期机会
发送推荐...
[telegram] autoSelectFamily=false (default-node22)
✅ Sent via Telegram. Message ID: 2161
✓ 推荐已发送
完成
[2026/2/17 03:00:01] 开始生成每日推荐...
获取市场数据...
获取到 100 个市场
筛选高概率市场...
找到 1 个高概率市场
筛选临期机会...
找到 3 个临期机会
发送推荐...
[telegram] autoSelectFamily=false (default-node22)
✅ Sent via Telegram. Message ID: 2162
✓ 推荐已发送
完成
[2026/2/17 04:00:02] 开始生成每日推荐...
获取市场数据...
获取到 100 个市场
筛选高概率市场...
找到 1 个高概率市场
筛选临期机会...
找到 3 个临期机会
发送推荐...
[telegram] autoSelectFamily=false (default-node22)
✅ Sent via Telegram. Message ID: 2164
✓ 推荐已发送
完成
[2026/2/17 05:00:01] 开始生成每日推荐...
获取市场数据...
获取到 100 个市场
筛选高概率市场...
找到 1 个高概率市场
筛选临期机会...
找到 3 个临期机会
发送推荐...
[telegram] autoSelectFamily=false (default-node22)
✅ Sent via Telegram. Message ID: 2167
✓ 推荐已发送
完成
[2026/2/17 06:00:01] 开始生成每日推荐...
获取市场数据...
获取到 100 个市场
筛选高概率市场...
找到 1 个高概率市场
筛选临期机会...
找到 3 个临期机会
发送推荐...
[telegram] autoSelectFamily=false (default-node22)
✅ Sent via Telegram. Message ID: 2169
✓ 推荐已发送
完成
[2026/2/17 07:00:01] 开始生成每日推荐...
获取市场数据...
获取到 100 个市场
筛选高概率市场...
找到 1 个高概率市场
筛选临期机会...
找到 3 个临期机会
发送推荐...
[telegram] autoSelectFamily=false (default-node22)
✅ Sent via Telegram. Message ID: 2170
✓ 推荐已发送
完成
[2026/2/17 08:00:01] 开始生成每日推荐...
获取市场数据...
获取到 100 个市场
筛选高概率市场...
找到 1 个高概率市场
筛选临期机会...
找到 3 个临期机会
发送推荐...
[telegram] autoSelectFamily=false (default-node22)
✅ Sent via Telegram. Message ID: 2172
✓ 推荐已发送
完成
[2026/2/17 09:00:01] 开始生成每日推荐...
获取市场数据...
获取到 100 个市场
筛选高概率市场...
找到 1 个高概率市场
筛选临期机会...
找到 3 个临期机会
发送推荐...
[telegram] autoSelectFamily=false (default-node22)
✅ Sent via Telegram. Message ID: 2177
✓ 推荐已发送
完成
[2026/2/17 10:00:01] 开始生成每日推荐...
获取市场数据...
获取到 100 个市场
筛选高概率市场...
找到 1 个高概率市场
筛选临期机会...
找到 3 个临期机会
发送推荐...
[telegram] autoSelectFamily=false (default-node22)
✅ Sent via Telegram. Message ID: 2337
✓ 推荐已发送
完成
[2026/2/17 11:00:01] 开始生成每日推荐...
获取市场数据...
获取到 100 个市场
筛选高概率市场...
找到 1 个高概率市场
筛选临期机会...
找到 3 个临期机会
发送推荐...
[telegram] autoSelectFamily=false (default-node22)
✅ Sent via Telegram. Message ID: 2360
✓ 推荐已发送
完成
[2026/2/17 12:00:01] 开始生成每日推荐...
获取市场数据...
获取到 100 个市场
筛选高概率市场...
找到 1 个高概率市场
筛选临期机会...
找到 3 个临期机会
发送推荐...
[telegram] autoSelectFamily=false (default-node22)
✅ Sent via Telegram. Message ID: 2362
✓ 推荐已发送
完成
[2026/2/17 13:00:02] 开始生成每日推荐...
获取市场数据...
获取到 100 个市场
筛选高概率市场...
找到 1 个高概率市场
筛选临期机会...
找到 3 个临期机会
发送推荐...
[telegram] autoSelectFamily=false (default-node22)
✅ Sent via Telegram. Message ID: 2372
✓ 推荐已发送
完成
[2026/2/17 14:00:02] 开始生成每日推荐...
获取市场数据...
获取到 100 个市场
筛选高概率市场...
找到 1 个高概率市场
筛选临期机会...
找到 3 个临期机会
发送推荐...
[telegram] autoSelectFamily=false (default-node22)
✅ Sent via Telegram. Message ID: 2374
✓ 推荐已发送
完成
[2026/2/17 15:00:02] 开始生成每日推荐...
获取市场数据...
获取到 100 个市场
筛选高概率市场...
找到 1 个高概率市场
筛选临期机会...
找到 3 个临期机会
发送推荐...
[telegram] autoSelectFamily=false (default-node22)
✅ Sent via Telegram. Message ID: 2377
✓ 推荐已发送
完成
[2026/2/17 16:00:01] 开始生成每日推荐...
获取市场数据...
获取到 100 个市场
筛选高概率市场...
找到 1 个高概率市场
筛选临期机会...
找到 3 个临期机会
发送推荐...
[telegram] autoSelectFamily=false (default-node22)
✅ Sent via Telegram. Message ID: 2379
✓ 推荐已发送
完成
[2026/2/17 17:00:02] 开始生成每日推荐...
获取市场数据...
获取到 100 个市场
筛选高概率市场...
找到 1 个高概率市场
筛选临期机会...
找到 3 个临期机会
发送推荐...
[telegram] autoSelectFamily=false (default-node22)
✅ Sent via Telegram. Message ID: 2384
✓ 推荐已发送
完成
[2026/2/17 18:00:01] 开始生成每日推荐...
获取市场数据...
获取到 100 个市场
筛选高概率市场...
找到 1 个高概率市场
筛选临期机会...
找到 3 个临期机会
发送推荐...
[telegram] autoSelectFamily=false (default-node22)
✅ Sent via Telegram. Message ID: 2396
✓ 推荐已发送
完成
[2026/2/17 19:00:02] 开始生成每日推荐...
获取市场数据...
获取到 100 个市场
筛选高概率市场...
找到 1 个高概率市场
筛选临期机会...
找到 3 个临期机会
发送推荐...
[telegram] autoSelectFamily=false (default-node22)
✅ Sent via Telegram. Message ID: 2404
✓ 推荐已发送
完成
[2026/2/17 20:00:01] 开始生成每日推荐...
获取市场数据...
获取到 100 个市场
筛选高概率市场...
找到 1 个高概率市场
筛选临期机会...
找到 3 个临期机会
发送推荐...
[telegram] autoSelectFamily=false (default-node22)
✅ Sent via Telegram. Message ID: 2407
✓ 推荐已发送
完成
[2026/2/17 21:00:01] 开始生成每日推荐...
获取市场数据...
获取到 100 个市场
筛选高概率市场...
找到 1 个高概率市场
筛选临期机会...
找到 3 个临期机会
发送推荐...
[telegram] autoSelectFamily=false (default-node22)
✅ Sent via Telegram. Message ID: 2418
✓ 推荐已发送
完成
[2026/2/17 22:00:01] 开始生成每日推荐...
获取市场数据...
获取到 100 个市场
筛选高概率市场...
找到 1 个高概率市场
筛选临期机会...
找到 3 个临期机会
发送推荐...
[telegram] autoSelectFamily=false (default-node22)
✅ Sent via Telegram. Message ID: 2449
✓ 推荐已发送
完成
[2026/2/17 23:00:02] 开始生成每日推荐...
获取市场数据...
获取到 100 个市场
筛选高概率市场...
找到 1 个高概率市场
筛选临期机会...
找到 3 个临期机会
发送推荐...
[telegram] autoSelectFamily=false (default-node22)
✅ Sent via Telegram. Message ID: 2510
✓ 推荐已发送
完成
[2026/2/18 00:00:01] 开始生成每日推荐...
获取市场数据...
获取到 100 个市场
筛选高概率市场...
找到 1 个高概率市场
筛选临期机会...
找到 3 个临期机会
发送推荐...
[telegram] autoSelectFamily=false (default-node22)
✅ Sent via Telegram. Message ID: 2536
✓ 推荐已发送
完成
[2026/2/18 01:00:01] 开始生成每日推荐...
获取市场数据...
获取到 100 个市场
筛选高概率市场...
找到 1 个高概率市场
筛选临期机会...
找到 3 个临期机会
发送推荐...
[telegram] autoSelectFamily=false (default-node22)
✅ Sent via Telegram. Message ID: 2550
✓ 推荐已发送
完成
[2026/2/18 02:00:02] 开始生成每日推荐...
获取市场数据...
获取到 100 个市场
筛选高概率市场...
找到 1 个高概率市场
筛选临期机会...
找到 3 个临期机会
发送推荐...
[telegram] autoSelectFamily=false (default-node22)
✅ Sent via Telegram. Message ID: 2551
✓ 推荐已发送
完成
[2026/2/18 03:00:02] 开始生成每日推荐...
获取市场数据...
获取到 100 个市场
筛选高概率市场...
找到 1 个高概率市场
筛选临期机会...
找到 3 个临期机会
发送推荐...
[telegram] autoSelectFamily=false (default-node22)
✅ Sent via Telegram. Message ID: 2621
✓ 推荐已发送
完成
[2026/2/18 04:00:02] 开始生成每日推荐...
获取市场数据...
获取到 100 个市场
筛选高概率市场...
找到 1 个高概率市场
筛选临期机会...
找到 3 个临期机会
发送推荐...
[telegram] autoSelectFamily=false (default-node22)
✅ Sent via Telegram. Message ID: 2633
✓ 推荐已发送
完成
[2026/2/18 05:00:01] 开始生成每日推荐...
获取市场数据...
获取到 100 个市场
筛选高概率市场...
找到 1 个高概率市场
筛选临期机会...
找到 3 个临期机会
发送推荐...
[telegram] autoSelectFamily=false (default-node22)
✅ Sent via Telegram. Message ID: 2637
✓ 推荐已发送
完成
[2026/2/18 06:00:02] 开始生成每日推荐...
获取市场数据...
获取到 100 个市场
筛选高概率市场...
找到 1 个高概率市场
筛选临期机会...
找到 3 个临期机会
发送推荐...
[telegram] autoSelectFamily=false (default-node22)
✅ Sent via Telegram. Message ID: 2639
✓ 推荐已发送
完成
[2026/2/18 07:00:01] 开始生成每日推荐...
获取市场数据...
获取到 100 个市场
筛选高概率市场...
找到 1 个高概率市场
筛选临期机会...
找到 3 个临期机会
发送推荐...
[telegram] autoSelectFamily=false (default-node22)
✅ Sent via Telegram. Message ID: 2642
✓ 推荐已发送
完成
[2026/2/18 08:00:01] 开始生成每日推荐...
获取市场数据...
获取到 100 个市场
筛选高概率市场...
找到 1 个高概率市场
筛选临期机会...
找到 3 个临期机会
发送推荐...
[telegram] autoSelectFamily=false (default-node22)
✅ Sent via Telegram. Message ID: 2643
✓ 推荐已发送
完成
[2026/2/18 09:00:01] 开始生成每日推荐...
获取市场数据...
获取到 100 个市场
筛选高概率市场...
找到 1 个高概率市场
筛选临期机会...
找到 3 个临期机会
发送推荐...
[telegram] autoSelectFamily=false (default-node22)
✅ Sent via Telegram. Message ID: 2648
✓ 推荐已发送
完成
[2026/2/18 10:00:02] 开始生成每日推荐...
获取市场数据...
获取到 100 个市场
筛选高概率市场...
找到 1 个高概率市场
筛选临期机会...
找到 3 个临期机会
发送推荐...
[telegram] autoSelectFamily=false (default-node22)
✅ Sent via Telegram. Message ID: 2649
✓ 推荐已发送
完成
[2026/2/18 11:00:01] 开始生成每日推荐...
获取市场数据...
获取到 100 个市场
筛选高概率市场...
找到 1 个高概率市场
筛选临期机会...
找到 3 个临期机会
发送推荐...
[telegram] autoSelectFamily=false (default-node22)
✅ Sent via Telegram. Message ID: 2715
✓ 推荐已发送
完成
[2026/2/18 12:00:01] 开始生成每日推荐...
获取市场数据...
获取到 100 个市场
筛选高概率市场...
找到 1 个高概率市场
筛选临期机会...
找到 3 个临期机会
发送推荐...
[telegram] autoSelectFamily=false (default-node22)
✅ Sent via Telegram. Message ID: 2736
✓ 推荐已发送
完成
[2026/2/18 13:00:01] 开始生成每日推荐...
获取市场数据...
获取到 100 个市场
筛选高概率市场...
找到 1 个高概率市场
筛选临期机会...
找到 3 个临期机会
发送推荐...
[telegram] autoSelectFamily=false (default-node22)
✅ Sent via Telegram. Message ID: 2745
✓ 推荐已发送
完成
[2026/2/18 14:00:02] 开始生成每日推荐...
获取市场数据...
获取到 100 个市场
筛选高概率市场...
找到 1 个高概率市场
筛选临期机会...
找到 3 个临期机会
发送推荐...
[telegram] autoSelectFamily=false (default-node22)
✅ Sent via Telegram. Message ID: 2747
✓ 推荐已发送
完成
[2026/2/18 15:00:01] 开始生成每日推荐...
获取市场数据...
获取到 100 个市场
筛选高概率市场...
找到 1 个高概率市场
筛选临期机会...
找到 3 个临期机会
发送推荐...
[telegram] autoSelectFamily=false (default-node22)
✅ Sent via Telegram. Message ID: 2750
✓ 推荐已发送
完成
[2026/2/18 16:00:01] 开始生成每日推荐...
获取市场数据...
获取到 100 个市场
筛选高概率市场...
找到 1 个高概率市场
筛选临期机会...
找到 3 个临期机会
发送推荐...
[telegram] autoSelectFamily=false (default-node22)
✅ Sent via Telegram. Message ID: 2753
✓ 推荐已发送
完成
[2026/2/18 17:00:01] 开始生成每日推荐...
获取市场数据...
获取到 100 个市场
筛选高概率市场...
找到 1 个高概率市场
筛选临期机会...
找到 3 个临期机会
发送推荐...
[telegram] autoSelectFamily=false (default-node22)
✅ Sent via Telegram. Message ID: 2759
✓ 推荐已发送
完成
[2026/2/18 18:00:01] 开始生成每日推荐...
获取市场数据...
获取到 100 个市场
筛选高概率市场...
找到 1 个高概率市场
筛选临期机会...
找到 3 个临期机会
发送推荐...
[telegram] autoSelectFamily=false (default-node22)
✅ Sent via Telegram. Message ID: 2767
✓ 推荐已发送
完成
[2026/2/18 19:00:01] 开始生成每日推荐...
获取市场数据...
获取到 100 个市场
筛选高概率市场...
找到 1 个高概率市场
筛选临期机会...
找到 3 个临期机会
发送推荐...
[telegram] autoSelectFamily=false (default-node22)
✅ Sent via Telegram. Message ID: 2770
✓ 推荐已发送
完成
[2026/2/18 20:00:01] 开始生成每日推荐...
获取市场数据...
获取到 100 个市场
筛选高概率市场...
找到 1 个高概率市场
筛选临期机会...
找到 3 个临期机会
发送推荐...
[telegram] autoSelectFamily=false (default-node22)
✅ Sent via Telegram. Message ID: 2772
✓ 推荐已发送
完成
[2026/2/18 21:00:02] 开始生成每日推荐...
获取市场数据...
获取到 100 个市场
筛选高概率市场...
找到 1 个高概率市场
筛选临期机会...
找到 3 个临期机会
发送推荐...
[telegram] autoSelectFamily=false (default-node22)
✅ Sent via Telegram. Message ID: 2782
✓ 推荐已发送
完成
[2026/2/18 22:00:02] 开始生成每日推荐...
获取市场数据...
获取到 100 个市场
筛选高概率市场...
找到 1 个高概率市场
筛选临期机会...
找到 3 个临期机会
发送推荐...
[telegram] autoSelectFamily=false (default-node22)
✅ Sent via Telegram. Message ID: 2785
✓ 推荐已发送
完成
[2026/2/18 23:00:01] 开始生成每日推荐...
获取市场数据...
获取到 100 个市场
筛选高概率市场...
找到 1 个高概率市场
筛选临期机会...
找到 3 个临期机会
发送推荐...
[telegram] autoSelectFamily=false (default-node22)
✅ Sent via Telegram. Message ID: 2795
✓ 推荐已发送
完成
[2026/2/19 00:00:01] 开始生成每日推荐...
获取市场数据...
获取到 100 个市场
筛选高概率市场...
找到 1 个高概率市场
筛选临期机会...
找到 3 个临期机会
发送推荐...
[telegram] autoSelectFamily=false (default-node22)
✅ Sent via Telegram. Message ID: 2809
✓ 推荐已发送
完成
[2026/2/19 01:00:01] 开始生成每日推荐...
获取市场数据...
获取到 100 个市场
筛选高概率市场...
找到 1 个高概率市场
筛选临期机会...
找到 3 个临期机会
发送推荐...
[telegram] autoSelectFamily=false (default-node22)
✅ Sent via Telegram. Message ID: 2815
✓ 推荐已发送
完成
[2026/2/19 02:00:01] 开始生成每日推荐...
获取市场数据...
获取到 100 个市场
筛选高概率市场...
找到 1 个高概率市场
筛选临期机会...
找到 3 个临期机会
发送推荐...
[telegram] autoSelectFamily=false (default-node22)
✅ Sent via Telegram. Message ID: 2847
✓ 推荐已发送
完成
[2026/2/19 03:00:02] 开始生成每日推荐...
获取市场数据...
获取到 100 个市场
筛选高概率市场...
找到 1 个高概率市场
筛选临期机会...
找到 3 个临期机会
发送推荐...
[telegram] autoSelectFamily=false (default-node22)
✅ Sent via Telegram. Message ID: 2856
✓ 推荐已发送
完成
[2026/2/19 04:00:01] 开始生成每日推荐...
获取市场数据...
获取到 100 个市场
筛选高概率市场...
找到 1 个高概率市场
筛选临期机会...
找到 3 个临期机会
发送推荐...
[telegram] autoSelectFamily=false (default-node22)
✅ Sent via Telegram. Message ID: 2857
✓ 推荐已发送
完成
[2026/2/19 05:00:01] 开始生成每日推荐...
获取市场数据...
获取到 100 个市场
筛选高概率市场...
找到 1 个高概率市场
筛选临期机会...
找到 3 个临期机会
发送推荐...
[telegram] autoSelectFamily=false (default-node22)
✅ Sent via Telegram. Message ID: 2859
✓ 推荐已发送
完成
[2026/2/19 06:00:01] 开始生成每日推荐...
获取市场数据...
获取到 100 个市场
筛选高概率市场...
找到 1 个高概率市场
筛选临期机会...
找到 3 个临期机会
发送推荐...
[telegram] autoSelectFamily=false (default-node22)
✅ Sent via Telegram. Message ID: 2861
✓ 推荐已发送
完成
[2026/2/19 07:00:01] 开始生成每日推荐...
获取市场数据...
获取到 100 个市场
筛选高概率市场...
找到 1 个高概率市场
筛选临期机会...
找到 3 个临期机会
发送推荐...
[telegram] autoSelectFamily=false (default-node22)
✅ Sent via Telegram. Message ID: 2863
✓ 推荐已发送
完成
[2026/2/19 08:00:01] 开始生成每日推荐...
获取市场数据...
获取到 100 个市场
筛选高概率市场...
找到 1 个高概率市场
筛选临期机会...
找到 3 个临期机会
发送推荐...
[telegram] autoSelectFamily=false (default-node22)
✅ Sent via Telegram. Message ID: 2864
✓ 推荐已发送
完成
[2026/2/19 09:00:01] 开始生成每日推荐...
获取市场数据...
获取到 100 个市场
筛选高概率市场...
找到 1 个高概率市场
筛选临期机会...
找到 3 个临期机会
发送推荐...
[telegram] autoSelectFamily=false (default-node22)
✅ Sent via Telegram. Message ID: 2867
✓ 推荐已发送
完成
[2026/2/19 10:00:01] 开始生成每日推荐...
获取市场数据...
获取到 100 个市场
筛选高概率市场...
找到 1 个高概率市场
筛选临期机会...
找到 3 个临期机会
发送推荐...
[telegram] autoSelectFamily=false (default-node22)
✅ Sent via Telegram. Message ID: 2869
✓ 推荐已发送
完成
[2026/2/19 11:00:02] 开始生成每日推荐...
获取市场数据...
获取到 100 个市场
筛选高概率市场...
找到 1 个高概率市场
筛选临期机会...
找到 3 个临期机会
发送推荐...
[telegram] autoSelectFamily=false (default-node22)
✅ Sent via Telegram. Message ID: 2871
✓ 推荐已发送
完成
[2026/2/19 12:00:02] 开始生成每日推荐...
获取市场数据...
获取到 100 个市场
筛选高概率市场...
找到 1 个高概率市场
筛选临期机会...
找到 3 个临期机会
发送推荐...
[telegram] autoSelectFamily=false (default-node22)
✅ Sent via Telegram. Message ID: 2873
✓ 推荐已发送
完成
[2026/2/19 13:00:02] 开始生成每日推荐...
获取市场数据...
获取到 100 个市场
筛选高概率市场...
找到 1 个高概率市场
筛选临期机会...
找到 3 个临期机会
发送推荐...
[telegram] autoSelectFamily=false (default-node22)
✅ Sent via Telegram. Message ID: 2875
✓ 推荐已发送
完成
[2026/2/19 14:00:01] 开始生成每日推荐...
获取市场数据...
获取到 100 个市场
筛选高概率市场...
找到 1 个高概率市场
筛选临期机会...
找到 3 个临期机会
发送推荐...
[telegram] autoSelectFamily=false (default-node22)
✅ Sent via Telegram. Message ID: 2876
✓ 推荐已发送
完成
[2026/2/19 15:00:02] 开始生成每日推荐...
获取市场数据...
获取到 100 个市场
筛选高概率市场...
找到 1 个高概率市场
筛选临期机会...
找到 3 个临期机会
发送推荐...
[telegram] autoSelectFamily=false (default-node22)
✅ Sent via Telegram. Message ID: 2879
✓ 推荐已发送
完成
[2026/2/19 16:00:01] 开始生成每日推荐...
获取市场数据...
获取到 100 个市场
筛选高概率市场...
找到 1 个高概率市场
筛选临期机会...
找到 3 个临期机会
发送推荐...
[telegram] autoSelectFamily=false (default-node22)
✅ Sent via Telegram. Message ID: 2881
✓ 推荐已发送
完成
[2026/2/19 17:00:02] 开始生成每日推荐...
获取市场数据...
获取到 100 个市场
筛选高概率市场...
找到 1 个高概率市场
筛选临期机会...
找到 3 个临期机会
发送推荐...
[telegram] autoSelectFamily=false (default-node22)
✅ Sent via Telegram. Message ID: 2885
✓ 推荐已发送
完成
[2026/2/19 18:00:02] 开始生成每日推荐...
获取市场数据...
获取到 100 个市场
筛选高概率市场...
找到 1 个高概率市场
筛选临期机会...
找到 3 个临期机会
发送推荐...
[telegram] autoSelectFamily=false (default-node22)
✅ Sent via Telegram. Message ID: 2886
✓ 推荐已发送
完成
[2026/2/19 19:00:02] 开始生成每日推荐...
获取市场数据...
获取到 100 个市场
筛选高概率市场...
找到 1 个高概率市场
筛选临期机会...
找到 3 个临期机会
发送推荐...
[telegram] autoSelectFamily=false (default-node22)
✅ Sent via Telegram. Message ID: 2891
✓ 推荐已发送
完成
[2026/2/19 20:00:01] 开始生成每日推荐...
获取市场数据...
获取到 100 个市场
筛选高概率市场...
找到 1 个高概率市场
筛选临期机会...
找到 3 个临期机会
发送推荐...
[telegram] autoSelectFamily=false (default-node22)
✅ Sent via Telegram. Message ID: 2893
✓ 推荐已发送
完成
[2026/2/19 21:00:01] 开始生成每日推荐...
获取市场数据...
获取到 100 个市场
筛选高概率市场...
找到 1 个高概率市场
筛选临期机会...
找到 3 个临期机会
发送推荐...
[telegram] autoSelectFamily=false (default-node22)
✅ Sent via Telegram. Message ID: 2895
✓ 推荐已发送
完成
[2026/2/19 22:00:01] 开始生成每日推荐...
获取市场数据...
获取到 100 个市场
筛选高概率市场...
找到 1 个高概率市场
筛选临期机会...
找到 3 个临期机会
发送推荐...
[telegram] autoSelectFamily=false (default-node22)
✅ Sent via Telegram. Message ID: 2897
✓ 推荐已发送
完成
[2026/2/19 23:00:01] 开始生成每日推荐...
获取市场数据...
获取到 100 个市场
筛选高概率市场...
找到 1 个高概率市场
筛选临期机会...
找到 3 个临期机会
发送推荐...
[telegram] autoSelectFamily=false (default-node22)
✅ Sent via Telegram. Message ID: 2899
✓ 推荐已发送
完成
[2026/2/20 00:00:02] 开始生成每日推荐...
获取市场数据...
获取到 100 个市场
筛选高概率市场...
找到 1 个高概率市场
筛选临期机会...
找到 3 个临期机会
发送推荐...
[telegram] autoSelectFamily=false (default-node22)
✅ Sent via Telegram. Message ID: 2900
✓ 推荐已发送
完成
[2026/2/20 01:00:01] 开始生成每日推荐...
获取市场数据...
获取到 100 个市场
筛选高概率市场...
找到 1 个高概率市场
筛选临期机会...
找到 3 个临期机会
发送推荐...
[telegram] autoSelectFamily=false (default-node22)
✅ Sent via Telegram. Message ID: 2903
✓ 推荐已发送
完成
[2026/2/20 02:00:01] 开始生成每日推荐...
获取市场数据...
获取到 100 个市场
筛选高概率市场...
找到 1 个高概率市场
筛选临期机会...
找到 3 个临期机会
发送推荐...
[telegram] autoSelectFamily=false (default-node22)
✅ Sent via Telegram. Message ID: 2904
✓ 推荐已发送
完成
[2026/2/20 03:00:01] 开始生成每日推荐...
获取市场数据...
获取到 100 个市场
筛选高概率市场...
找到 1 个高概率市场
筛选临期机会...
找到 3 个临期机会
发送推荐...
[telegram] autoSelectFamily=false (default-node22)
✅ Sent via Telegram. Message ID: 2906
✓ 推荐已发送
完成
[2026/2/20 04:00:01] 开始生成每日推荐...
获取市场数据...
获取到 100 个市场
筛选高概率市场...
找到 1 个高概率市场
筛选临期机会...
找到 3 个临期机会
发送推荐...
[telegram] autoSelectFamily=false (default-node22)
✅ Sent via Telegram. Message ID: 2907
✓ 推荐已发送
完成
[2026/2/20 05:00:02] 开始生成每日推荐...
获取市场数据...
获取到 100 个市场
筛选高概率市场...
找到 1 个高概率市场
筛选临期机会...
找到 3 个临期机会
发送推荐...
[telegram] autoSelectFamily=false (default-node22)
✅ Sent via Telegram. Message ID: 2910
✓ 推荐已发送
完成
[2026/2/20 06:00:01] 开始生成每日推荐...
获取市场数据...
获取到 100 个市场
筛选高概率市场...
找到 1 个高概率市场
筛选临期机会...
找到 3 个临期机会
发送推荐...
[telegram] autoSelectFamily=false (default-node22)
✅ Sent via Telegram. Message ID: 2911
✓ 推荐已发送
完成
[2026/2/20 07:00:01] 开始生成每日推荐...
获取市场数据...
获取到 100 个市场
筛选高概率市场...
找到 1 个高概率市场
筛选临期机会...
找到 3 个临期机会
发送推荐...
[telegram] autoSelectFamily=false (default-node22)
✅ Sent via Telegram. Message ID: 2913
✓ 推荐已发送
完成
[2026/2/20 08:00:02] 开始生成每日推荐...
获取市场数据...
获取到 100 个市场
筛选高概率市场...
找到 1 个高概率市场
筛选临期机会...
找到 3 个临期机会
发送推荐...
[telegram] autoSelectFamily=false (default-node22)
✅ Sent via Telegram. Message ID: 2915
✓ 推荐已发送
完成
[2026/2/20 09:00:01] 开始生成每日推荐...
获取市场数据...
获取到 100 个市场
筛选高概率市场...
找到 1 个高概率市场
筛选临期机会...
找到 3 个临期机会
发送推荐...
[telegram] autoSelectFamily=false (default-node22)
✅ Sent via Telegram. Message ID: 2918
✓ 推荐已发送
完成
[2026/2/20 10:00:01] 开始生成每日推荐...
获取市场数据...
获取到 100 个市场
筛选高概率市场...
找到 1 个高概率市场
筛选临期机会...
找到 3 个临期机会
发送推荐...
[telegram] autoSelectFamily=false (default-node22)
✅ Sent via Telegram. Message ID: 2919
✓ 推荐已发送
完成
[2026/2/20 11:00:01] 开始生成每日推荐...
获取市场数据...
获取到 100 个市场
筛选高概率市场...
找到 1 个高概率市场
筛选临期机会...
找到 3 个临期机会
发送推荐...
[telegram] autoSelectFamily=false (default-node22)
✅ Sent via Telegram. Message ID: 2922
✓ 推荐已发送
完成
[2026/2/20 12:00:02] 开始生成每日推荐...
获取市场数据...
获取到 100 个市场
筛选高概率市场...
找到 1 个高概率市场
筛选临期机会...
找到 3 个临期机会
发送推荐...
[telegram] autoSelectFamily=false (default-node22)
✅ Sent via Telegram. Message ID: 2923
✓ 推荐已发送
完成
[2026/2/20 13:00:01] 开始生成每日推荐...
获取市场数据...
获取到 100 个市场
筛选高概率市场...
找到 1 个高概率市场
筛选临期机会...
找到 3 个临期机会
发送推荐...
[telegram] autoSelectFamily=false (default-node22)
✅ Sent via Telegram. Message ID: 2925
✓ 推荐已发送
完成
[2026/2/20 14:00:02] 开始生成每日推荐...
获取市场数据...
获取到 100 个市场
筛选高概率市场...
找到 1 个高概率市场
筛选临期机会...
找到 3 个临期机会
发送推荐...
[telegram] autoSelectFamily=false (default-node22)
✅ Sent via Telegram. Message ID: 2926
✓ 推荐已发送
完成
[2026/2/20 15:00:01] 开始生成每日推荐...
获取市场数据...
获取到 100 个市场
筛选高概率市场...
找到 1 个高概率市场
筛选临期机会...
找到 3 个临期机会
发送推荐...
[telegram] autoSelectFamily=false (default-node22)
✅ Sent via Telegram. Message ID: 2930
✓ 推荐已发送
完成
[2026/2/20 16:00:01] 开始生成每日推荐...
获取市场数据...
获取到 100 个市场
筛选高概率市场...
找到 1 个高概率市场
筛选临期机会...
找到 3 个临期机会
发送推荐...
[telegram] autoSelectFamily=false (default-node22)
✅ Sent via Telegram. Message ID: 2933
✓ 推荐已发送
完成
[2026/2/20 17:00:01] 开始生成每日推荐...
获取市场数据...
获取到 100 个市场
筛选高概率市场...
找到 1 个高概率市场
筛选临期机会...
找到 3 个临期机会
发送推荐...
[telegram] autoSelectFamily=false (default-node22)
✅ Sent via Telegram. Message ID: 2942
✓ 推荐已发送
完成
[2026/2/20 18:00:02] 开始生成每日推荐...
获取市场数据...
获取到 100 个市场
筛选高概率市场...
找到 1 个高概率市场
筛选临期机会...
找到 3 个临期机会
发送推荐...
[telegram] autoSelectFamily=false (default-node22)
✅ Sent via Telegram. Message ID: 2944
✓ 推荐已发送
完成
[2026/2/20 19:00:02] 开始生成每日推荐...
获取市场数据...
获取到 100 个市场
筛选高概率市场...
找到 1 个高概率市场
筛选临期机会...
找到 3 个临期机会
发送推荐...
[telegram] autoSelectFamily=false (default-node22)
✅ Sent via Telegram. Message ID: 2947
✓ 推荐已发送
完成
[2026/2/20 20:00:01] 开始生成每日推荐...
获取市场数据...
获取到 100 个市场
筛选高概率市场...
找到 1 个高概率市场
筛选临期机会...
找到 3 个临期机会
发送推荐...
[telegram] autoSelectFamily=false (default-node22)
✅ Sent via Telegram. Message ID: 2949
✓ 推荐已发送
完成
[2026/2/20 21:00:01] 开始生成每日推荐...
获取市场数据...
获取到 100 个市场
筛选高概率市场...
找到 1 个高概率市场
筛选临期机会...
找到 3 个临期机会
发送推荐...
[telegram] autoSelectFamily=false (default-node22)
✅ Sent via Telegram. Message ID: 2955
✓ 推荐已发送
完成
[2026/2/20 22:00:02] 开始生成每日推荐...
获取市场数据...
获取到 100 个市场
筛选高概率市场...
找到 1 个高概率市场
筛选临期机会...
找到 3 个临期机会
发送推荐...
[telegram] autoSelectFamily=false (default-node22)
✅ Sent via Telegram. Message ID: 2957
✓ 推荐已发送
完成
[2026/2/20 23:00:02] 开始生成每日推荐...
获取市场数据...
获取到 100 个市场
筛选高概率市场...
找到 1 个高概率市场
筛选临期机会...
找到 3 个临期机会
发送推荐...
[telegram] autoSelectFamily=false (default-node22)
✅ Sent via Telegram. Message ID: 2959
✓ 推荐已发送
完成
[2026/2/21 00:00:01] 开始生成每日推荐...
获取市场数据...
获取到 100 个市场
筛选高概率市场...
找到 1 个高概率市场
筛选临期机会...
找到 3 个临期机会
发送推荐...
[telegram] autoSelectFamily=false (default-node22)
✅ Sent via Telegram. Message ID: 2961
✓ 推荐已发送
完成
[2026/2/21 01:00:01] 开始生成每日推荐...
获取市场数据...
获取到 100 个市场
筛选高概率市场...
找到 1 个高概率市场
筛选临期机会...
找到 3 个临期机会
发送推荐...
[telegram] autoSelectFamily=false (default-node22)
[openclaw] Non-fatal unhandled rejection (continuing): TypeError: fetch failed
    at node:internal/deps/undici/undici:14902:13
    at process.processTicksAndRejections (node:internal/process/task_queues:105:5)
✅ Sent via Telegram. Message ID: 2963
✓ 推荐已发送
完成
[2026/2/21 02:00:01] 开始生成每日推荐...
获取市场数据...
获取到 100 个市场
筛选高概率市场...
找到 1 个高概率市场
筛选临期机会...
找到 3 个临期机会
发送推荐...
[telegram] autoSelectFamily=false (default-node22)
✅ Sent via Telegram. Message ID: 2980
✓ 推荐已发送
完成
[2026/2/21 03:00:02] 开始生成每日推荐...
获取市场数据...
获取到 100 个市场
筛选高概率市场...
找到 1 个高概率市场
筛选临期机会...
找到 3 个临期机会
发送推荐...
[telegram] autoSelectFamily=false (default-node22)
✅ Sent via Telegram. Message ID: 2985
✓ 推荐已发送
完成
[2026/2/21 04:00:01] 开始生成每日推荐...
获取市场数据...
获取到 100 个市场
筛选高概率市场...
找到 1 个高概率市场
筛选临期机会...
找到 3 个临期机会
发送推荐...
[telegram] autoSelectFamily=false (default-node22)
✅ Sent via Telegram. Message ID: 2991
✓ 推荐已发送
完成
